Using pre-set license
Built from '2020.3/release' branch; Version is '2020.3.12f1 (b3b2c6512326) revision 11776710'; Using compiler version '192528614'; Build Type 'Release'
OS: 'Windows 10 Home; OS build 19042.1165; Version 2009; 64bit' Language: 'ko' Physical Memory: 16310 MB
BatchMode: 1, IsHumanControllingUs: 0, StartBugReporterOnCrash: 0, Is64bit: 1, IsPro: 0

 COMMAND LINE ARGUMENTS:
C:\Program Files\Unity\Editor\Unity.exe
-adb2
-batchMode
-noUpm
-name
AssetImportWorker0
-projectPath
C:/Users/c4607/OneDrive/문서/GitHub/ArcanaDungeon
-logFile
Logs/AssetImportWorker0.log
-srvPort
51062
Successfully changed project path to: C:/Users/c4607/OneDrive/문서/GitHub/ArcanaDungeon
C:/Users/c4607/OneDrive/문서/GitHub/ArcanaDungeon
Using Asset Import Pipeline V2.
Refreshing native plugins compatible for Editor in 29.59 ms, found 3 plugins.
Preloading 0 native plugins for Editor in 0.00 ms.
Initialize engine version: 2020.3.12f1 (b3b2c6512326)
[Subsystems] Discovering subsystems at path C:/Program Files/Unity/Editor/Data/Resources/UnitySubsystems
[Subsystems] Discovering subsystems at path C:/Users/c4607/OneDrive/문서/GitHub/ArcanaDungeon/Assets
GfxDevice: creating device client; threaded=0
Direct3D:
    Version:  Direct3D 11.0 [level 11.1]
    Renderer: NVIDIA GeForce GTX 970 (ID=0x13c2)
    Vendor:   
    VRAM:     4043 MB
    Driver:   27.21.14.5671
Initialize mono
Mono path[0] = 'C:/Program Files/Unity/Editor/Data/Managed'
Mono path[1] = 'C:/Program Files/Unity/Editor/Data/MonoBleedingEdge/lib/mono/unityjit'
Mono config path = 'C:/Program Files/Unity/Editor/Data/MonoBleedingEdge/etc'
Using monoOptions --debugger-agent=transport=dt_socket,embedding=1,server=y,suspend=n,address=127.0.0.1:56760
Begin MonoManager ReloadAssembly
Registering precompiled unity dll's ...
Register platform support module: C:/Program Files/Unity/Editor/Data/PlaybackEngines/WindowsStandaloneSupport/UnityEditor.WindowsStandalone.Extensions.dll
Registered in 0.002367 seconds.
Native extension for WindowsStandalone target not found
Refreshing native plugins compatible for Editor in 25.96 ms, found 3 plugins.
Preloading 0 native plugins for Editor in 0.00 ms.
Mono: successfully reloaded assembly
- Completed reload, in  0.790 seconds
Platform modules already initialized, skipping
Registering precompiled user dll's ...
Registered in 0.004946 seconds.
Begin MonoManager ReloadAssembly
Symbol file LoadedFromMemory doesn't match image C:\Users\c4607\OneDrive\문서\GitHub\ArcanaDungeon\Library\PackageCache\com.unity.ext.nunit@1.0.0\net35\unity-custom\nunit.framework.dll
Native extension for WindowsStandalone target not found
Refreshing native plugins compatible for Editor in 26.08 ms, found 3 plugins.
Preloading 0 native plugins for Editor in 0.00 ms.
Mono: successfully reloaded assembly
- Completed reload, in  0.724 seconds
Platform modules already initialized, skipping
========================================================================
Worker process is ready to serve import requests
Launched and connected shader compiler UnityShaderCompiler.exe after 0.04 seconds
Refreshing native plugins compatible for Editor in 0.48 ms, found 3 plugins.
Preloading 0 native plugins for Editor in 0.00 ms.
Unloading 1995 Unused Serialized files (Serialized files now loaded: 0)
System memory in use before: 90.3 MB.
System memory in use after: 90.4 MB.

Unloading 25 unused Assets to reduce memory usage. Loaded Objects now: 2430.
Total: 1.926500 ms (FindLiveObjects: 0.188600 ms CreateObjectMapping: 0.067700 ms MarkObjects: 1.617100 ms  DeleteObjects: 0.052300 ms)

AssetImportParameters requested are different than current active one (requested -> active):
  custom:framework-win-MediaFoundation: 216162199b28c13a410421893ffa2e32 -> 
  custom:video-decoder-ogg-theora: a1e56fd34408186e4bbccfd4996cb3dc -> 
  custom:container-muxer-webm: aa71ff27fc2769a1b78a27578f13a17b -> 
  custom:container-demuxer-webm: 4f35f7cbe854078d1ac9338744f61a02 -> 
  custom:container-demuxer-ogg: 62fdf1f143b41e24485cea50d1cbac27 -> 
  custom:video-encoder-webm-vp8: eb34c28f22e8b96e1ab97ce403110664 -> 
  custom:video-decoder-webm-vp8: 9c59270c3fd7afecdb556c50c9e8de78 -> 
  custom:audio-decoder-ogg-vorbis: bf7c407c2cedff20999df2af8eb42d56 -> 
  custom:audio-encoder-webm-vorbis: bf7c407c2cedff20999df2af8eb42d56 -> 
========================================================================
Received Import Request.
  path: Assets/Scripts
  artifactKey: Guid(6b0328485dc0d2f4bb738cd4274fd0c8) Importer(815301076,1909f56bfc062723c751e8b465ee728b)
Start importing Assets/Scripts using Guid(6b0328485dc0d2f4bb738cd4274fd0c8) Importer(815301076,1909f56bfc062723c751e8b465ee728b)  -> (artifact id: '2d1b4c0e75a12874bf3c33dc874c49ea') in 0.008988 seconds 
  Import took 0.011398 seconds .

========================================================================
Received Import Request.
  Time since last request: 6.552574 seconds.
  path: Assets/Scripts/Dungeon.cs
  artifactKey: Guid(481f9a45a6b9b5347a7ebb1dd7577f47) Importer(815301076,1909f56bfc062723c751e8b465ee728b)
Start importing Assets/Scripts/Dungeon.cs using Guid(481f9a45a6b9b5347a7ebb1dd7577f47) Importer(815301076,1909f56bfc062723c751e8b465ee728b)  -> (artifact id: '1de4a252622b1e92aa96dc37f49f7336') in 0.024444 seconds 
  Import took 0.027218 seconds .

========================================================================
Received Import Request.
  Time since last request: 0.052724 seconds.
  path: Assets/Scripts/Dungeon.cs
  artifactKey: Guid(481f9a45a6b9b5347a7ebb1dd7577f47) Importer(815301076,1909f56bfc062723c751e8b465ee728b)
Start importing Assets/Scripts/Dungeon.cs using Guid(481f9a45a6b9b5347a7ebb1dd7577f47) Importer(815301076,1909f56bfc062723c751e8b465ee728b)  -> (artifact id: '1de4a252622b1e92aa96dc37f49f7336') in 0.002795 seconds 
  Import took 0.005596 seconds .

========================================================================
Received Import Request.
  Time since last request: 7.747675 seconds.
  path: Assets/Scripts/System
  artifactKey: Guid(1036f1f4e2681a94e9bfab0e9c32394c) Importer(815301076,1909f56bfc062723c751e8b465ee728b)
Start importing Assets/Scripts/System using Guid(1036f1f4e2681a94e9bfab0e9c32394c) Importer(815301076,1909f56bfc062723c751e8b465ee728b)  -> (artifact id: '3b2008173a37225d32fb68f3b6b91d71') in 0.005580 seconds 
  Import took 0.008240 seconds .

========================================================================
Received Import Request.
  Time since last request: 1.819678 seconds.
  path: Assets/Scripts/Object/Enemy/Enemy.cs
  artifactKey: Guid(231bd9a0350f0a74c9de80603893f210) Importer(815301076,1909f56bfc062723c751e8b465ee728b)
Start importing Assets/Scripts/Object/Enemy/Enemy.cs using Guid(231bd9a0350f0a74c9de80603893f210) Importer(815301076,1909f56bfc062723c751e8b465ee728b)  -> (artifact id: 'e32caf644d3561e6242499131ac32a1b') in 0.003525 seconds 
  Import took 0.006374 seconds .

========================================================================
Received Import Request.
  Time since last request: 0.001979 seconds.
  path: Assets/Scripts/Object/Enemy/Enemy.cs
  artifactKey: Guid(231bd9a0350f0a74c9de80603893f210) Importer(815301076,1909f56bfc062723c751e8b465ee728b)
Start importing Assets/Scripts/Object/Enemy/Enemy.cs using Guid(231bd9a0350f0a74c9de80603893f210) Importer(815301076,1909f56bfc062723c751e8b465ee728b)  -> (artifact id: 'e32caf644d3561e6242499131ac32a1b') in 0.002844 seconds 
  Import took 0.005460 seconds .

========================================================================
Received Prepare
Registering precompiled user dll's ...
Registered in 0.005657 seconds.
Begin MonoManager ReloadAssembly
Symbol file LoadedFromMemory doesn't match image C:\Users\c4607\OneDrive\문서\GitHub\ArcanaDungeon\Library\PackageCache\com.unity.ext.nunit@1.0.0\net35\unity-custom\nunit.framework.dll
Native extension for WindowsStandalone target not found
Refreshing native plugins compatible for Editor in 0.43 ms, found 3 plugins.
Preloading 0 native plugins for Editor in 0.00 ms.
Mono: successfully reloaded assembly
- Completed reload, in  0.688 seconds
Platform modules already initialized, skipping
Refreshing native plugins compatible for Editor in 0.37 ms, found 3 plugins.
Preloading 0 native plugins for Editor in 0.00 ms.
Unloading 1985 Unused Serialized files (Serialized files now loaded: 0)
System memory in use before: 89.8 MB.
System memory in use after: 89.9 MB.

Unloading 15 unused Assets to reduce memory usage. Loaded Objects now: 2432.
Total: 1.781900 ms (FindLiveObjects: 0.159700 ms CreateObjectMapping: 0.056800 ms MarkObjects: 1.551700 ms  DeleteObjects: 0.012900 ms)

AssetImportParameters requested are different than current active one (requested -> active):
  custom:framework-win-MediaFoundation: 216162199b28c13a410421893ffa2e32 -> 
  custom:video-decoder-ogg-theora: a1e56fd34408186e4bbccfd4996cb3dc -> 
  custom:container-muxer-webm: aa71ff27fc2769a1b78a27578f13a17b -> 
  custom:container-demuxer-webm: 4f35f7cbe854078d1ac9338744f61a02 -> 
  custom:container-demuxer-ogg: 62fdf1f143b41e24485cea50d1cbac27 -> 
  custom:video-encoder-webm-vp8: eb34c28f22e8b96e1ab97ce403110664 -> 
  custom:video-decoder-webm-vp8: 9c59270c3fd7afecdb556c50c9e8de78 -> 
  custom:audio-decoder-ogg-vorbis: bf7c407c2cedff20999df2af8eb42d56 -> 
  custom:audio-encoder-webm-vorbis: bf7c407c2cedff20999df2af8eb42d56 -> 
========================================================================
Received Import Request.
  Time since last request: 723.257931 seconds.
  path: Assets/Scripts/Object/Enemy/Enemy.cs
  artifactKey: Guid(231bd9a0350f0a74c9de80603893f210) Importer(815301076,1909f56bfc062723c751e8b465ee728b)
Start importing Assets/Scripts/Object/Enemy/Enemy.cs using Guid(231bd9a0350f0a74c9de80603893f210) Importer(815301076,1909f56bfc062723c751e8b465ee728b)  -> (artifact id: '2d90c577124e95958acb0c9a0b7ead9d') in 0.004941 seconds 
  Import took 0.007228 seconds .

========================================================================
Received Prepare
Registering precompiled user dll's ...
Registered in 0.007821 seconds.
Begin MonoManager ReloadAssembly
Symbol file LoadedFromMemory doesn't match image C:\Users\c4607\OneDrive\문서\GitHub\ArcanaDungeon\Library\PackageCache\com.unity.ext.nunit@1.0.0\net35\unity-custom\nunit.framework.dll
Native extension for WindowsStandalone target not found
Refreshing native plugins compatible for Editor in 0.43 ms, found 3 plugins.
Preloading 0 native plugins for Editor in 0.00 ms.
Mono: successfully reloaded assembly
- Completed reload, in  0.692 seconds
Platform modules already initialized, skipping
Refreshing native plugins compatible for Editor in 0.42 ms, found 3 plugins.
Preloading 0 native plugins for Editor in 0.00 ms.
Unloading 1985 Unused Serialized files (Serialized files now loaded: 0)
System memory in use before: 89.8 MB.
System memory in use after: 89.9 MB.

Unloading 15 unused Assets to reduce memory usage. Loaded Objects now: 2434.
Total: 2.120900 ms (FindLiveObjects: 0.226800 ms CreateObjectMapping: 0.081300 ms MarkObjects: 1.795600 ms  DeleteObjects: 0.016400 ms)

AssetImportParameters requested are different than current active one (requested -> active):
  custom:framework-win-MediaFoundation: 216162199b28c13a410421893ffa2e32 -> 
  custom:video-decoder-ogg-theora: a1e56fd34408186e4bbccfd4996cb3dc -> 
  custom:container-muxer-webm: aa71ff27fc2769a1b78a27578f13a17b -> 
  custom:container-demuxer-webm: 4f35f7cbe854078d1ac9338744f61a02 -> 
  custom:container-demuxer-ogg: 62fdf1f143b41e24485cea50d1cbac27 -> 
  custom:video-encoder-webm-vp8: eb34c28f22e8b96e1ab97ce403110664 -> 
  custom:video-decoder-webm-vp8: 9c59270c3fd7afecdb556c50c9e8de78 -> 
  custom:audio-decoder-ogg-vorbis: bf7c407c2cedff20999df2af8eb42d56 -> 
  custom:audio-encoder-webm-vorbis: bf7c407c2cedff20999df2af8eb42d56 -> 
========================================================================
Received Import Request.
  Time since last request: 5549.590247 seconds.
  path: Assets/Scripts/Object/Enemy/Enemy.cs
  artifactKey: Guid(231bd9a0350f0a74c9de80603893f210) Importer(815301076,1909f56bfc062723c751e8b465ee728b)
Start importing Assets/Scripts/Object/Enemy/Enemy.cs using Guid(231bd9a0350f0a74c9de80603893f210) Importer(815301076,1909f56bfc062723c751e8b465ee728b)  -> (artifact id: '8c3ffc82553c98068e3937427a11c0ba') in 0.006335 seconds 
  Import took 0.009231 seconds .

========================================================================
Received Import Request.
  Time since last request: 1398.931482 seconds.
  path: Assets/Scripts/System/levels
  artifactKey: Guid(91db7702544b4f64e8854f98d0496bec) Importer(815301076,1909f56bfc062723c751e8b465ee728b)
Start importing Assets/Scripts/System/levels using Guid(91db7702544b4f64e8854f98d0496bec) Importer(815301076,1909f56bfc062723c751e8b465ee728b)  -> (artifact id: 'e60c352bee2719bce7debb6aca7490c8') in 0.007402 seconds 
  Import took 0.010392 seconds .

========================================================================
Received Import Request.
  Time since last request: 0.522350 seconds.
  path: Assets/Scripts/System/levels/Level.cs
  artifactKey: Guid(9910f7544c5d5d14dac63d5ec77dbadf) Importer(815301076,1909f56bfc062723c751e8b465ee728b)
Start importing Assets/Scripts/System/levels/Level.cs using Guid(9910f7544c5d5d14dac63d5ec77dbadf) Importer(815301076,1909f56bfc062723c751e8b465ee728b)  -> (artifact id: '1f262fd8cc0409faee6b28b9df687c58') in 0.006460 seconds 
  Import took 0.009455 seconds .

========================================================================
Received Import Request.
  Time since last request: 0.000817 seconds.
  path: Assets/Scripts/System/levels/Level.cs
  artifactKey: Guid(9910f7544c5d5d14dac63d5ec77dbadf) Importer(815301076,1909f56bfc062723c751e8b465ee728b)
Start importing Assets/Scripts/System/levels/Level.cs using Guid(9910f7544c5d5d14dac63d5ec77dbadf) Importer(815301076,1909f56bfc062723c751e8b465ee728b)  -> (artifact id: '1f262fd8cc0409faee6b28b9df687c58') in 0.002365 seconds 
  Import took 0.004345 seconds .

========================================================================
Received Prepare
Registering precompiled user dll's ...
Registered in 0.008350 seconds.
Begin MonoManager ReloadAssembly
Symbol file LoadedFromMemory doesn't match image C:\Users\c4607\OneDrive\문서\GitHub\ArcanaDungeon\Library\PackageCache\com.unity.ext.nunit@1.0.0\net35\unity-custom\nunit.framework.dll
Native extension for WindowsStandalone target not found
Refreshing native plugins compatible for Editor in 0.46 ms, found 3 plugins.
Preloading 0 native plugins for Editor in 0.00 ms.
Mono: successfully reloaded assembly
- Completed reload, in  0.706 seconds
Platform modules already initialized, skipping
Refreshing native plugins compatible for Editor in 0.48 ms, found 3 plugins.
Preloading 0 native plugins for Editor in 0.00 ms.
Unloading 1985 Unused Serialized files (Serialized files now loaded: 0)
System memory in use before: 89.8 MB.
System memory in use after: 89.9 MB.

Unloading 15 unused Assets to reduce memory usage. Loaded Objects now: 2436.
Total: 1.916400 ms (FindLiveObjects: 0.183000 ms CreateObjectMapping: 0.059000 ms MarkObjects: 1.651100 ms  DeleteObjects: 0.022600 ms)

AssetImportParameters requested are different than current active one (requested -> active):
  custom:framework-win-MediaFoundation: 216162199b28c13a410421893ffa2e32 -> 
  custom:video-decoder-ogg-theora: a1e56fd34408186e4bbccfd4996cb3dc -> 
  custom:container-muxer-webm: aa71ff27fc2769a1b78a27578f13a17b -> 
  custom:container-demuxer-webm: 4f35f7cbe854078d1ac9338744f61a02 -> 
  custom:container-demuxer-ogg: 62fdf1f143b41e24485cea50d1cbac27 -> 
  custom:video-encoder-webm-vp8: eb34c28f22e8b96e1ab97ce403110664 -> 
  custom:video-decoder-webm-vp8: 9c59270c3fd7afecdb556c50c9e8de78 -> 
  custom:audio-decoder-ogg-vorbis: bf7c407c2cedff20999df2af8eb42d56 -> 
  custom:audio-encoder-webm-vorbis: bf7c407c2cedff20999df2af8eb42d56 -> 
AssetImportWorkerClient::OnTransportError - code=2 error=End of file
