Using pre-set license
Built from '2020.3/release' branch; Version is '2020.3.12f1 (b3b2c6512326) revision 11776710'; Using compiler version '192528614'; Build Type 'Release'
OS: 'Windows 10 Home; OS build 19042.1165; Version 2009; 64bit' Language: 'ko' Physical Memory: 16310 MB
BatchMode: 1, IsHumanControllingUs: 0, StartBugReporterOnCrash: 0, Is64bit: 1, IsPro: 0

 COMMAND LINE ARGUMENTS:
C:\Program Files\Unity\Editor\Unity.exe
-adb2
-batchMode
-noUpm
-name
AssetImportWorker0
-projectPath
C:/Users/c4607/OneDrive/문서/GitHub/ArcanaDungeon/asdf
-logFile
Logs/AssetImportWorker0.log
-srvPort
64773
Successfully changed project path to: C:/Users/c4607/OneDrive/문서/GitHub/ArcanaDungeon/asdf
C:/Users/c4607/OneDrive/문서/GitHub/ArcanaDungeon/asdf
Using Asset Import Pipeline V2.
Refreshing native plugins compatible for Editor in 29.90 ms, found 3 plugins.
Preloading 0 native plugins for Editor in 0.00 ms.
Initialize engine version: 2020.3.12f1 (b3b2c6512326)
[Subsystems] Discovering subsystems at path C:/Program Files/Unity/Editor/Data/Resources/UnitySubsystems
[Subsystems] Discovering subsystems at path C:/Users/c4607/OneDrive/문서/GitHub/ArcanaDungeon/asdf/Assets
GfxDevice: creating device client; threaded=0
Direct3D:
    Version:  Direct3D 11.0 [level 11.1]
    Renderer: NVIDIA GeForce GTX 970 (ID=0x13c2)
    Vendor:   
    VRAM:     4043 MB
    Driver:   27.21.14.5671
Initialize mono
Mono path[0] = 'C:/Program Files/Unity/Editor/Data/Managed'
Mono path[1] = 'C:/Program Files/Unity/Editor/Data/MonoBleedingEdge/lib/mono/unityjit'
Mono config path = 'C:/Program Files/Unity/Editor/Data/MonoBleedingEdge/etc'
Using monoOptions --debugger-agent=transport=dt_socket,embedding=1,server=y,suspend=n,address=127.0.0.1:56776
Begin MonoManager ReloadAssembly
Registering precompiled unity dll's ...
Register platform support module: C:/Program Files/Unity/Editor/Data/PlaybackEngines/WindowsStandaloneSupport/UnityEditor.WindowsStandalone.Extensions.dll
Registered in 0.002501 seconds.
Native extension for WindowsStandalone target not found
Refreshing native plugins compatible for Editor in 26.02 ms, found 3 plugins.
Preloading 0 native plugins for Editor in 0.00 ms.
Mono: successfully reloaded assembly
- Completed reload, in  0.799 seconds
Platform modules already initialized, skipping
Registering precompiled user dll's ...
Registered in 0.005465 seconds.
Begin MonoManager ReloadAssembly
Native extension for WindowsStandalone target not found
Refreshing native plugins compatible for Editor in 25.91 ms, found 3 plugins.
Preloading 0 native plugins for Editor in 0.00 ms.
Mono: successfully reloaded assembly
- Completed reload, in  0.721 seconds
Platform modules already initialized, skipping
========================================================================
Worker process is ready to serve import requests
Launched and connected shader compiler UnityShaderCompiler.exe after 0.04 seconds
Refreshing native plugins compatible for Editor in 0.41 ms, found 3 plugins.
Preloading 0 native plugins for Editor in 0.00 ms.
Unloading 1995 Unused Serialized files (Serialized files now loaded: 0)
System memory in use before: 90.3 MB.
System memory in use after: 90.4 MB.

Unloading 25 unused Assets to reduce memory usage. Loaded Objects now: 2430.
Total: 2.112500 ms (FindLiveObjects: 0.182300 ms CreateObjectMapping: 0.064200 ms MarkObjects: 1.815200 ms  DeleteObjects: 0.050100 ms)

AssetImportParameters requested are different than current active one (requested -> active):
  custom:framework-win-MediaFoundation: 216162199b28c13a410421893ffa2e32 -> 
  custom:video-decoder-ogg-theora: a1e56fd34408186e4bbccfd4996cb3dc -> 
  custom:container-muxer-webm: aa71ff27fc2769a1b78a27578f13a17b -> 
  custom:container-demuxer-webm: 4f35f7cbe854078d1ac9338744f61a02 -> 
  custom:container-demuxer-ogg: 62fdf1f143b41e24485cea50d1cbac27 -> 
  custom:video-encoder-webm-vp8: eb34c28f22e8b96e1ab97ce403110664 -> 
  custom:video-decoder-webm-vp8: 9c59270c3fd7afecdb556c50c9e8de78 -> 
  custom:audio-decoder-ogg-vorbis: bf7c407c2cedff20999df2af8eb42d56 -> 
  custom:audio-encoder-webm-vorbis: bf7c407c2cedff20999df2af8eb42d56 -> 
========================================================================
Received Import Request.
  path: Assets/Scripts/Object/player
  artifactKey: Guid(9a03722d54ce8084ba16ff38e841f05e) Importer(815301076,1909f56bfc062723c751e8b465ee728b)
Start importing Assets/Scripts/Object/player using Guid(9a03722d54ce8084ba16ff38e841f05e) Importer(815301076,1909f56bfc062723c751e8b465ee728b)  -> (artifact id: '6bcb0f1c264d9d7339469aafed8947e5') in 0.009111 seconds 
  Import took 0.011483 seconds .

========================================================================
Received Import Request.
  Time since last request: 0.000156 seconds.
  path: Assets/Scripts/Object
  artifactKey: Guid(f380fd68389d512439029adc89aa35e4) Importer(815301076,1909f56bfc062723c751e8b465ee728b)
Start importing Assets/Scripts/Object using Guid(f380fd68389d512439029adc89aa35e4) Importer(815301076,1909f56bfc062723c751e8b465ee728b)  -> (artifact id: 'cf7bbf9298fec3955378174ac5592312') in 0.005085 seconds 
  Import took 0.007250 seconds .

========================================================================
Received Prepare
Refreshing native plugins compatible for Editor in 5.23 ms, found 3 plugins.
Preloading 0 native plugins for Editor in 0.00 ms.
Unloading 13 Unused Serialized files (Serialized files now loaded: 0)
System memory in use before: 50.6 MB.
System memory in use after: 50.7 MB.

Unloading 13 unused Assets to reduce memory usage. Loaded Objects now: 2430.
Total: 1.847500 ms (FindLiveObjects: 0.172000 ms CreateObjectMapping: 0.050700 ms MarkObjects: 1.612600 ms  DeleteObjects: 0.011800 ms)

AssetImportParameters requested are different than current active one (requested -> active):
  custom:framework-win-MediaFoundation: 216162199b28c13a410421893ffa2e32 -> 
  custom:video-decoder-ogg-theora: a1e56fd34408186e4bbccfd4996cb3dc -> 
  custom:container-muxer-webm: aa71ff27fc2769a1b78a27578f13a17b -> 
  custom:container-demuxer-webm: 4f35f7cbe854078d1ac9338744f61a02 -> 
  custom:container-demuxer-ogg: 62fdf1f143b41e24485cea50d1cbac27 -> 
  custom:video-encoder-webm-vp8: eb34c28f22e8b96e1ab97ce403110664 -> 
  custom:video-decoder-webm-vp8: 9c59270c3fd7afecdb556c50c9e8de78 -> 
  custom:audio-decoder-ogg-vorbis: bf7c407c2cedff20999df2af8eb42d56 -> 
  custom:audio-encoder-webm-vorbis: bf7c407c2cedff20999df2af8eb42d56 -> 
========================================================================
Received Import Request.
  Time since last request: 229.492475 seconds.
  path: Assets/Scripts/Object/Thing.cs
  artifactKey: Guid(941c802684507ae47b61f67faba7cce3) Importer(815301076,1909f56bfc062723c751e8b465ee728b)
Start importing Assets/Scripts/Object/Thing.cs using Guid(941c802684507ae47b61f67faba7cce3) Importer(815301076,1909f56bfc062723c751e8b465ee728b)  -> (artifact id: 'da0dbc562c02c632c3416378b652b578') in 0.025951 seconds 
  Import took 0.029853 seconds .

========================================================================
Received Import Request.
  Time since last request: 78.104279 seconds.
  path: Assets/Scripts/Object/player/player.cs
  artifactKey: Guid(9be2a3f4aa6a8244388d1d3372c8a02f) Importer(815301076,1909f56bfc062723c751e8b465ee728b)
Start importing Assets/Scripts/Object/player/player.cs using Guid(9be2a3f4aa6a8244388d1d3372c8a02f) Importer(815301076,1909f56bfc062723c751e8b465ee728b)  -> (artifact id: '9eda65c7bb7d9e14b7710585b0ec0683') in 0.002935 seconds 
  Import took 0.005522 seconds .

========================================================================
Received Import Request.
  Time since last request: 0.004134 seconds.
  path: Assets/Scripts/Object/player/player.cs
  artifactKey: Guid(9be2a3f4aa6a8244388d1d3372c8a02f) Importer(815301076,1909f56bfc062723c751e8b465ee728b)
Start importing Assets/Scripts/Object/player/player.cs using Guid(9be2a3f4aa6a8244388d1d3372c8a02f) Importer(815301076,1909f56bfc062723c751e8b465ee728b)  -> (artifact id: '9eda65c7bb7d9e14b7710585b0ec0683') in 0.002523 seconds 
  Import took 0.005245 seconds .

========================================================================
Received Import Request.
  Time since last request: 4.536432 seconds.
  path: Assets/Scripts/Object/Enemy
  artifactKey: Guid(e427057ebfa5f5c458ebf2f37e37c55b) Importer(815301076,1909f56bfc062723c751e8b465ee728b)
Start importing Assets/Scripts/Object/Enemy using Guid(e427057ebfa5f5c458ebf2f37e37c55b) Importer(815301076,1909f56bfc062723c751e8b465ee728b)  -> (artifact id: '09be38a29747ca63a129eca619f45067') in 0.005790 seconds 
  Import took 0.008507 seconds .

========================================================================
Received Import Request.
  Time since last request: 0.703449 seconds.
  path: Assets/Scripts/Object/Enemy/Enemy.cs
  artifactKey: Guid(231bd9a0350f0a74c9de80603893f210) Importer(815301076,1909f56bfc062723c751e8b465ee728b)
Start importing Assets/Scripts/Object/Enemy/Enemy.cs using Guid(231bd9a0350f0a74c9de80603893f210) Importer(815301076,1909f56bfc062723c751e8b465ee728b)  -> (artifact id: 'c317a50f25063b5be7f449490eaed7d0') in 0.003022 seconds 
  Import took 0.005703 seconds .

========================================================================
Received Import Request.
  Time since last request: 0.001041 seconds.
  path: Assets/Scripts/Object/Enemy/Enemy.cs
  artifactKey: Guid(231bd9a0350f0a74c9de80603893f210) Importer(815301076,1909f56bfc062723c751e8b465ee728b)
Start importing Assets/Scripts/Object/Enemy/Enemy.cs using Guid(231bd9a0350f0a74c9de80603893f210) Importer(815301076,1909f56bfc062723c751e8b465ee728b)  -> (artifact id: 'c317a50f25063b5be7f449490eaed7d0') in 0.002718 seconds 
  Import took 0.005486 seconds .

========================================================================
Received Import Request.
  Time since last request: 240.621726 seconds.
  path: Assets/Scripts/Object/Cards
  artifactKey: Guid(dc1bceda753303a42913520038f4b5b4) Importer(815301076,1909f56bfc062723c751e8b465ee728b)
Start importing Assets/Scripts/Object/Cards using Guid(dc1bceda753303a42913520038f4b5b4) Importer(815301076,1909f56bfc062723c751e8b465ee728b)  -> (artifact id: 'e03fda8ba49613ebe886b5b7495eb3cf') in 0.006639 seconds 
  Import took 0.009311 seconds .

========================================================================
Received Import Request.
  Time since last request: 0.451697 seconds.
  path: Assets/Scripts/Object/Cards/CardsSpace.cs
  artifactKey: Guid(e4361e5ebaf8e444fa53301e3abee583) Importer(815301076,1909f56bfc062723c751e8b465ee728b)
Start importing Assets/Scripts/Object/Cards/CardsSpace.cs using Guid(e4361e5ebaf8e444fa53301e3abee583) Importer(815301076,1909f56bfc062723c751e8b465ee728b)  -> (artifact id: '109b3f6c3257c68056961db8efda0021') in 0.005679 seconds 
  Import took 0.008313 seconds .

========================================================================
Received Prepare
Registering precompiled user dll's ...
Registered in 0.007222 seconds.
Begin MonoManager ReloadAssembly
Native extension for WindowsStandalone target not found
Refreshing native plugins compatible for Editor in 0.43 ms, found 3 plugins.
Preloading 0 native plugins for Editor in 0.00 ms.
Mono: successfully reloaded assembly
- Completed reload, in  0.690 seconds
Platform modules already initialized, skipping
Refreshing native plugins compatible for Editor in 0.36 ms, found 3 plugins.
Preloading 0 native plugins for Editor in 0.00 ms.
Unloading 1985 Unused Serialized files (Serialized files now loaded: 0)
System memory in use before: 89.8 MB.
System memory in use after: 89.9 MB.

Unloading 15 unused Assets to reduce memory usage. Loaded Objects now: 2432.
Total: 1.723300 ms (FindLiveObjects: 0.127500 ms CreateObjectMapping: 0.049300 ms MarkObjects: 1.529900 ms  DeleteObjects: 0.015800 ms)

AssetImportParameters requested are different than current active one (requested -> active):
  custom:framework-win-MediaFoundation: 216162199b28c13a410421893ffa2e32 -> 
  custom:video-decoder-ogg-theora: a1e56fd34408186e4bbccfd4996cb3dc -> 
  custom:container-muxer-webm: aa71ff27fc2769a1b78a27578f13a17b -> 
  custom:container-demuxer-webm: 4f35f7cbe854078d1ac9338744f61a02 -> 
  custom:container-demuxer-ogg: 62fdf1f143b41e24485cea50d1cbac27 -> 
  custom:video-encoder-webm-vp8: eb34c28f22e8b96e1ab97ce403110664 -> 
  custom:video-decoder-webm-vp8: 9c59270c3fd7afecdb556c50c9e8de78 -> 
  custom:audio-decoder-ogg-vorbis: bf7c407c2cedff20999df2af8eb42d56 -> 
  custom:audio-encoder-webm-vorbis: bf7c407c2cedff20999df2af8eb42d56 -> 
========================================================================
Received Prepare
Registering precompiled user dll's ...
Registered in 0.006905 seconds.
Begin MonoManager ReloadAssembly
Native extension for WindowsStandalone target not found
Refreshing native plugins compatible for Editor in 0.44 ms, found 3 plugins.
Preloading 0 native plugins for Editor in 0.00 ms.
Mono: successfully reloaded assembly
- Completed reload, in  0.712 seconds
Platform modules already initialized, skipping
Refreshing native plugins compatible for Editor in 0.37 ms, found 3 plugins.
Preloading 0 native plugins for Editor in 0.00 ms.
Unloading 1985 Unused Serialized files (Serialized files now loaded: 0)
System memory in use before: 89.8 MB.
System memory in use after: 89.9 MB.

Unloading 15 unused Assets to reduce memory usage. Loaded Objects now: 2434.
Total: 1.834100 ms (FindLiveObjects: 0.157700 ms CreateObjectMapping: 0.053800 ms MarkObjects: 1.609300 ms  DeleteObjects: 0.012600 ms)

AssetImportParameters requested are different than current active one (requested -> active):
  custom:framework-win-MediaFoundation: 216162199b28c13a410421893ffa2e32 -> 
  custom:video-decoder-ogg-theora: a1e56fd34408186e4bbccfd4996cb3dc -> 
  custom:container-muxer-webm: aa71ff27fc2769a1b78a27578f13a17b -> 
  custom:container-demuxer-webm: 4f35f7cbe854078d1ac9338744f61a02 -> 
  custom:container-demuxer-ogg: 62fdf1f143b41e24485cea50d1cbac27 -> 
  custom:video-encoder-webm-vp8: eb34c28f22e8b96e1ab97ce403110664 -> 
  custom:video-decoder-webm-vp8: 9c59270c3fd7afecdb556c50c9e8de78 -> 
  custom:audio-decoder-ogg-vorbis: bf7c407c2cedff20999df2af8eb42d56 -> 
  custom:audio-encoder-webm-vorbis: bf7c407c2cedff20999df2af8eb42d56 -> 
========================================================================
Received Prepare
Registering precompiled user dll's ...
Registered in 0.005166 seconds.
Begin MonoManager ReloadAssembly
Native extension for WindowsStandalone target not found
Refreshing native plugins compatible for Editor in 0.44 ms, found 3 plugins.
Preloading 0 native plugins for Editor in 0.00 ms.
Mono: successfully reloaded assembly
- Completed reload, in  0.721 seconds
Platform modules already initialized, skipping
Refreshing native plugins compatible for Editor in 0.50 ms, found 3 plugins.
Preloading 0 native plugins for Editor in 0.00 ms.
Unloading 1985 Unused Serialized files (Serialized files now loaded: 0)
System memory in use before: 89.8 MB.
System memory in use after: 90.0 MB.

Unloading 15 unused Assets to reduce memory usage. Loaded Objects now: 2436.
Total: 1.949900 ms (FindLiveObjects: 0.180400 ms CreateObjectMapping: 0.066400 ms MarkObjects: 1.688000 ms  DeleteObjects: 0.014500 ms)

AssetImportParameters requested are different than current active one (requested -> active):
  custom:framework-win-MediaFoundation: 216162199b28c13a410421893ffa2e32 -> 
  custom:video-decoder-ogg-theora: a1e56fd34408186e4bbccfd4996cb3dc -> 
  custom:container-muxer-webm: aa71ff27fc2769a1b78a27578f13a17b -> 
  custom:container-demuxer-webm: 4f35f7cbe854078d1ac9338744f61a02 -> 
  custom:container-demuxer-ogg: 62fdf1f143b41e24485cea50d1cbac27 -> 
  custom:video-encoder-webm-vp8: eb34c28f22e8b96e1ab97ce403110664 -> 
  custom:video-decoder-webm-vp8: 9c59270c3fd7afecdb556c50c9e8de78 -> 
  custom:audio-decoder-ogg-vorbis: bf7c407c2cedff20999df2af8eb42d56 -> 
  custom:audio-encoder-webm-vorbis: bf7c407c2cedff20999df2af8eb42d56 -> 
AssetImportWorkerClient::OnTransportError - code=2 error=End of file
