Using pre-set license
Built from '2020.3/release' branch; Version is '2020.3.12f1 (b3b2c6512326) revision 11776710'; Using compiler version '192528614'; Build Type 'Release'
OS: 'Windows 10 Pro; OS build 19042.1110; Version 2009; 64bit' Language: 'ko' Physical Memory: 16322 MB
BatchMode: 1, IsHumanControllingUs: 0, StartBugReporterOnCrash: 0, Is64bit: 1, IsPro: 0

 COMMAND LINE ARGUMENTS:
C:\Program Files\Unity\Hub\Editor\2020.3.12f1\Editor\Unity.exe
-adb2
-batchMode
-noUpm
-name
AssetImportWorker0
-projectPath
C:/Users/serio/OneDrive/문서/GitHub/ArcanaDungeon/asdf
-logFile
Logs/AssetImportWorker0.log
-srvPort
52116
Successfully changed project path to: C:/Users/serio/OneDrive/문서/GitHub/ArcanaDungeon/asdf
C:/Users/serio/OneDrive/문서/GitHub/ArcanaDungeon/asdf
Using Asset Import Pipeline V2.
Refreshing native plugins compatible for Editor in 43.78 ms, found 3 plugins.
Preloading 0 native plugins for Editor in 0.00 ms.
Initialize engine version: 2020.3.12f1 (b3b2c6512326)
[Subsystems] Discovering subsystems at path C:/Program Files/Unity/Hub/Editor/2020.3.12f1/Editor/Data/Resources/UnitySubsystems
[Subsystems] Discovering subsystems at path C:/Users/serio/OneDrive/문서/GitHub/ArcanaDungeon/asdf/Assets
GfxDevice: creating device client; threaded=0
Direct3D:
    Version:  Direct3D 11.0 [level 11.1]
    Renderer: NVIDIA GeForce GTX 1660 Ti (ID=0x2182)
    Vendor:   
    VRAM:     5991 MB
    Driver:   27.21.14.6589
Initialize mono
Mono path[0] = 'C:/Program Files/Unity/Hub/Editor/2020.3.12f1/Editor/Data/Managed'
Mono path[1] = 'C:/Program Files/Unity/Hub/Editor/2020.3.12f1/Editor/Data/MonoBleedingEdge/lib/mono/unityjit'
Mono config path = 'C:/Program Files/Unity/Hub/Editor/2020.3.12f1/Editor/Data/MonoBleedingEdge/etc'
Using monoOptions --debugger-agent=transport=dt_socket,embedding=1,server=y,suspend=n,address=127.0.0.1:56224
Begin MonoManager ReloadAssembly
Registering precompiled unity dll's ...
Register platform support module: C:/Program Files/Unity/Hub/Editor/2020.3.12f1/Editor/Data/PlaybackEngines/WindowsStandaloneSupport/UnityEditor.WindowsStandalone.Extensions.dll
Registered in 0.002163 seconds.
Native extension for WindowsStandalone target not found
Refreshing native plugins compatible for Editor in 39.95 ms, found 3 plugins.
Preloading 0 native plugins for Editor in 0.00 ms.
Mono: successfully reloaded assembly
- Completed reload, in  1.060 seconds
Platform modules already initialized, skipping
Registering precompiled user dll's ...
Registered in 0.005099 seconds.
Begin MonoManager ReloadAssembly
Symbol file LoadedFromMemory doesn't match image C:\Users\serio\OneDrive\문서\GitHub\ArcanaDungeon\asdf\Library\PackageCache\com.unity.ext.nunit@1.0.0\net35\unity-custom\nunit.framework.dll
Native extension for WindowsStandalone target not found
Refreshing native plugins compatible for Editor in 34.36 ms, found 3 plugins.
Preloading 0 native plugins for Editor in 0.00 ms.
Mono: successfully reloaded assembly
- Completed reload, in  1.055 seconds
Platform modules already initialized, skipping
========================================================================
Worker process is ready to serve import requests
Launched and connected shader compiler UnityShaderCompiler.exe after 0.04 seconds
Refreshing native plugins compatible for Editor in 0.50 ms, found 3 plugins.
Preloading 0 native plugins for Editor in 0.00 ms.
Unloading 1994 Unused Serialized files (Serialized files now loaded: 0)
System memory in use before: 92.9 MB.
System memory in use after: 93.0 MB.

Unloading 25 unused Assets to reduce memory usage. Loaded Objects now: 2430.
Total: 1.950700 ms (FindLiveObjects: 0.181800 ms CreateObjectMapping: 0.091500 ms MarkObjects: 1.625100 ms  DeleteObjects: 0.051400 ms)

AssetImportParameters requested are different than current active one (requested -> active):
  custom:framework-win-MediaFoundation: 216162199b28c13a410421893ffa2e32 -> 
  custom:video-decoder-ogg-theora: a1e56fd34408186e4bbccfd4996cb3dc -> 
  custom:container-muxer-webm: aa71ff27fc2769a1b78a27578f13a17b -> 
  custom:container-demuxer-webm: 4f35f7cbe854078d1ac9338744f61a02 -> 
  custom:container-demuxer-ogg: 62fdf1f143b41e24485cea50d1cbac27 -> 
  custom:video-encoder-webm-vp8: eb34c28f22e8b96e1ab97ce403110664 -> 
  custom:video-decoder-webm-vp8: 9c59270c3fd7afecdb556c50c9e8de78 -> 
  custom:audio-decoder-ogg-vorbis: bf7c407c2cedff20999df2af8eb42d56 -> 
  custom:audio-encoder-webm-vorbis: bf7c407c2cedff20999df2af8eb42d56 -> 
========================================================================
Received Import Request.
  path: Assets/new Scripts/Rooms/CorridorRooms.cs
  artifactKey: Guid(65a81178c074a4b4bbb19d06ae94d0c3) Importer(815301076,1909f56bfc062723c751e8b465ee728b)
Start importing Assets/new Scripts/Rooms/CorridorRooms.cs using Guid(65a81178c074a4b4bbb19d06ae94d0c3) Importer(815301076,1909f56bfc062723c751e8b465ee728b)  -> (artifact id: '60c5416e2d59aa817888318baf95ec35') in 0.035609 seconds 
  Import took 0.038498 seconds .

========================================================================
Received Import Request.
  Time since last request: 3.218569 seconds.
  path: Assets/new Scripts/Rooms/CorridorRoom.cs
  artifactKey: Guid(65a81178c074a4b4bbb19d06ae94d0c3) Importer(815301076,1909f56bfc062723c751e8b465ee728b)
Start importing Assets/new Scripts/Rooms/CorridorRoom.cs using Guid(65a81178c074a4b4bbb19d06ae94d0c3) Importer(815301076,1909f56bfc062723c751e8b465ee728b)  -> (artifact id: 'd406fc63f5f24a16c16c83f029c0010e') in 0.006554 seconds 
  Import took 0.009792 seconds .

========================================================================
Received Prepare
Registering precompiled user dll's ...
Registered in 0.004522 seconds.
Begin MonoManager ReloadAssembly
Symbol file LoadedFromMemory doesn't match image C:\Users\serio\OneDrive\문서\GitHub\ArcanaDungeon\asdf\Library\PackageCache\com.unity.ext.nunit@1.0.0\net35\unity-custom\nunit.framework.dll
Native extension for WindowsStandalone target not found
Refreshing native plugins compatible for Editor in 0.38 ms, found 3 plugins.
Preloading 0 native plugins for Editor in 0.00 ms.
Mono: successfully reloaded assembly
- Completed reload, in  0.979 seconds
Platform modules already initialized, skipping
Refreshing native plugins compatible for Editor in 0.43 ms, found 3 plugins.
Preloading 0 native plugins for Editor in 0.00 ms.
Unloading 1984 Unused Serialized files (Serialized files now loaded: 0)
System memory in use before: 92.4 MB.
System memory in use after: 92.5 MB.

Unloading 15 unused Assets to reduce memory usage. Loaded Objects now: 2432.
Total: 1.795700 ms (FindLiveObjects: 0.167000 ms CreateObjectMapping: 0.071500 ms MarkObjects: 1.543400 ms  DeleteObjects: 0.013100 ms)

AssetImportParameters requested are different than current active one (requested -> active):
  custom:framework-win-MediaFoundation: 216162199b28c13a410421893ffa2e32 -> 
  custom:video-decoder-ogg-theora: a1e56fd34408186e4bbccfd4996cb3dc -> 
  custom:container-muxer-webm: aa71ff27fc2769a1b78a27578f13a17b -> 
  custom:container-demuxer-webm: 4f35f7cbe854078d1ac9338744f61a02 -> 
  custom:container-demuxer-ogg: 62fdf1f143b41e24485cea50d1cbac27 -> 
  custom:video-encoder-webm-vp8: eb34c28f22e8b96e1ab97ce403110664 -> 
  custom:video-decoder-webm-vp8: 9c59270c3fd7afecdb556c50c9e8de78 -> 
  custom:audio-decoder-ogg-vorbis: bf7c407c2cedff20999df2af8eb42d56 -> 
  custom:audio-encoder-webm-vorbis: bf7c407c2cedff20999df2af8eb42d56 -> 
========================================================================
Received Import Request.
  Time since last request: 81.737165 seconds.
  path: Assets/new Scripts/painters/DownStairRoomPainter.cs
  artifactKey: Guid(c00481aa76809fe41ae85b643fd292ca) Importer(815301076,1909f56bfc062723c751e8b465ee728b)
Start importing Assets/new Scripts/painters/DownStairRoomPainter.cs using Guid(c00481aa76809fe41ae85b643fd292ca) Importer(815301076,1909f56bfc062723c751e8b465ee728b)  -> (artifact id: '82b7a0027b12cdeeea34f2b15c790591') in 0.009407 seconds 
  Import took 0.012651 seconds .

========================================================================
Received Import Request.
  Time since last request: 0.001664 seconds.
  path: Assets/new Scripts/painters/DownStairRoomPainter.cs
  artifactKey: Guid(c00481aa76809fe41ae85b643fd292ca) Importer(815301076,1909f56bfc062723c751e8b465ee728b)
Start importing Assets/new Scripts/painters/DownStairRoomPainter.cs using Guid(c00481aa76809fe41ae85b643fd292ca) Importer(815301076,1909f56bfc062723c751e8b465ee728b)  -> (artifact id: '82b7a0027b12cdeeea34f2b15c790591') in 0.002670 seconds 
  Import took 0.005471 seconds .

========================================================================
Received Import Request.
  Time since last request: 1.510917 seconds.
  path: Assets/new Scripts/painters/EmptyRoomPainter.cs
  artifactKey: Guid(301a95095be924a4e8835d275e336246) Importer(815301076,1909f56bfc062723c751e8b465ee728b)
Start importing Assets/new Scripts/painters/EmptyRoomPainter.cs using Guid(301a95095be924a4e8835d275e336246) Importer(815301076,1909f56bfc062723c751e8b465ee728b)  -> (artifact id: '2c1f283e8763981334038fbc45ab899d') in 0.006547 seconds 
  Import took 0.009380 seconds .

========================================================================
Received Import Request.
  Time since last request: 0.003136 seconds.
  path: Assets/new Scripts/painters/EmptyRoomPainter.cs
  artifactKey: Guid(301a95095be924a4e8835d275e336246) Importer(815301076,1909f56bfc062723c751e8b465ee728b)
Start importing Assets/new Scripts/painters/EmptyRoomPainter.cs using Guid(301a95095be924a4e8835d275e336246) Importer(815301076,1909f56bfc062723c751e8b465ee728b)  -> (artifact id: '2c1f283e8763981334038fbc45ab899d') in 0.002321 seconds 
  Import took 0.005081 seconds .

========================================================================
Received Import Request.
  Time since last request: 1.155280 seconds.
  path: Assets/new Scripts/painters/Painter.cs
  artifactKey: Guid(1c226a7e6c2bb2b41984bec5c85fabf3) Importer(815301076,1909f56bfc062723c751e8b465ee728b)
Start importing Assets/new Scripts/painters/Painter.cs using Guid(1c226a7e6c2bb2b41984bec5c85fabf3) Importer(815301076,1909f56bfc062723c751e8b465ee728b)  -> (artifact id: '9a437f561b81cc27749c6286a3b8ed14') in 0.005945 seconds 
  Import took 0.008968 seconds .

========================================================================
Received Import Request.
  Time since last request: 0.003508 seconds.
  path: Assets/new Scripts/painters/Painter.cs
  artifactKey: Guid(1c226a7e6c2bb2b41984bec5c85fabf3) Importer(815301076,1909f56bfc062723c751e8b465ee728b)
Start importing Assets/new Scripts/painters/Painter.cs using Guid(1c226a7e6c2bb2b41984bec5c85fabf3) Importer(815301076,1909f56bfc062723c751e8b465ee728b)  -> (artifact id: '9a437f561b81cc27749c6286a3b8ed14') in 0.002743 seconds 
  Import took 0.005863 seconds .

========================================================================
Received Import Request.
  Time since last request: 1.111819 seconds.
  path: Assets/new Scripts/painters/UpStairRoomPainter.cs
  artifactKey: Guid(3d17e1a14da32d349b178553047bd70c) Importer(815301076,1909f56bfc062723c751e8b465ee728b)
Start importing Assets/new Scripts/painters/UpStairRoomPainter.cs using Guid(3d17e1a14da32d349b178553047bd70c) Importer(815301076,1909f56bfc062723c751e8b465ee728b)  -> (artifact id: '1c6cb84feff975a406926b9ac40c535d') in 0.006150 seconds 
  Import took 0.008968 seconds .

========================================================================
Received Import Request.
  Time since last request: 0.003403 seconds.
  path: Assets/new Scripts/painters/UpStairRoomPainter.cs
  artifactKey: Guid(3d17e1a14da32d349b178553047bd70c) Importer(815301076,1909f56bfc062723c751e8b465ee728b)
Start importing Assets/new Scripts/painters/UpStairRoomPainter.cs using Guid(3d17e1a14da32d349b178553047bd70c) Importer(815301076,1909f56bfc062723c751e8b465ee728b)  -> (artifact id: '1c6cb84feff975a406926b9ac40c535d') in 0.002543 seconds 
  Import took 0.005486 seconds .

========================================================================
Received Import Request.
  Time since last request: 11.456685 seconds.
  path: Assets/new Scripts/painters/CorridorRoomPainter.cs
  artifactKey: Guid(1bb34f2a406e9d7439fd102dd5d3ae0f) Importer(815301076,1909f56bfc062723c751e8b465ee728b)
Start importing Assets/new Scripts/painters/CorridorRoomPainter.cs using Guid(1bb34f2a406e9d7439fd102dd5d3ae0f) Importer(815301076,1909f56bfc062723c751e8b465ee728b)  -> (artifact id: '0fef85cd82e6d877ea8ce29e5e5ee62d') in 0.006222 seconds 
  Import took 0.009197 seconds .

========================================================================
Received Prepare
Registering precompiled user dll's ...
Registered in 0.004772 seconds.
Begin MonoManager ReloadAssembly
Symbol file LoadedFromMemory doesn't match image C:\Users\serio\OneDrive\문서\GitHub\ArcanaDungeon\asdf\Library\PackageCache\com.unity.ext.nunit@1.0.0\net35\unity-custom\nunit.framework.dll
Native extension for WindowsStandalone target not found
Refreshing native plugins compatible for Editor in 0.39 ms, found 3 plugins.
Preloading 0 native plugins for Editor in 0.00 ms.
Mono: successfully reloaded assembly
- Completed reload, in  0.991 seconds
Platform modules already initialized, skipping
Refreshing native plugins compatible for Editor in 0.38 ms, found 3 plugins.
Preloading 0 native plugins for Editor in 0.00 ms.
Unloading 1985 Unused Serialized files (Serialized files now loaded: 0)
System memory in use before: 92.5 MB.
System memory in use after: 92.6 MB.

Unloading 15 unused Assets to reduce memory usage. Loaded Objects now: 2435.
Total: 1.800500 ms (FindLiveObjects: 0.214900 ms CreateObjectMapping: 0.073000 ms MarkObjects: 1.478500 ms  DeleteObjects: 0.012800 ms)

AssetImportParameters requested are different than current active one (requested -> active):
  custom:framework-win-MediaFoundation: 216162199b28c13a410421893ffa2e32 -> 
  custom:video-decoder-ogg-theora: a1e56fd34408186e4bbccfd4996cb3dc -> 
  custom:container-muxer-webm: aa71ff27fc2769a1b78a27578f13a17b -> 
  custom:container-demuxer-webm: 4f35f7cbe854078d1ac9338744f61a02 -> 
  custom:container-demuxer-ogg: 62fdf1f143b41e24485cea50d1cbac27 -> 
  custom:video-encoder-webm-vp8: eb34c28f22e8b96e1ab97ce403110664 -> 
  custom:video-decoder-webm-vp8: 9c59270c3fd7afecdb556c50c9e8de78 -> 
  custom:audio-decoder-ogg-vorbis: bf7c407c2cedff20999df2af8eb42d56 -> 
  custom:audio-encoder-webm-vorbis: bf7c407c2cedff20999df2af8eb42d56 -> 
========================================================================
Received Prepare
Registering precompiled user dll's ...
Registered in 0.004804 seconds.
Begin MonoManager ReloadAssembly
Symbol file LoadedFromMemory doesn't match image C:\Users\serio\OneDrive\문서\GitHub\ArcanaDungeon\asdf\Library\PackageCache\com.unity.ext.nunit@1.0.0\net35\unity-custom\nunit.framework.dll
Native extension for WindowsStandalone target not found
Refreshing native plugins compatible for Editor in 0.38 ms, found 3 plugins.
Preloading 0 native plugins for Editor in 0.00 ms.
Mono: successfully reloaded assembly
- Completed reload, in  0.953 seconds
Platform modules already initialized, skipping
Refreshing native plugins compatible for Editor in 0.40 ms, found 3 plugins.
Preloading 0 native plugins for Editor in 0.00 ms.
Unloading 1985 Unused Serialized files (Serialized files now loaded: 0)
System memory in use before: 92.5 MB.
System memory in use after: 92.6 MB.

Unloading 15 unused Assets to reduce memory usage. Loaded Objects now: 2437.
Total: 1.904600 ms (FindLiveObjects: 0.188500 ms CreateObjectMapping: 0.091600 ms MarkObjects: 1.608500 ms  DeleteObjects: 0.015000 ms)

AssetImportParameters requested are different than current active one (requested -> active):
  custom:framework-win-MediaFoundation: 216162199b28c13a410421893ffa2e32 -> 
  custom:video-decoder-ogg-theora: a1e56fd34408186e4bbccfd4996cb3dc -> 
  custom:container-muxer-webm: aa71ff27fc2769a1b78a27578f13a17b -> 
  custom:container-demuxer-webm: 4f35f7cbe854078d1ac9338744f61a02 -> 
  custom:container-demuxer-ogg: 62fdf1f143b41e24485cea50d1cbac27 -> 
  custom:video-encoder-webm-vp8: eb34c28f22e8b96e1ab97ce403110664 -> 
  custom:video-decoder-webm-vp8: 9c59270c3fd7afecdb556c50c9e8de78 -> 
  custom:audio-decoder-ogg-vorbis: bf7c407c2cedff20999df2af8eb42d56 -> 
  custom:audio-encoder-webm-vorbis: bf7c407c2cedff20999df2af8eb42d56 -> 
========================================================================
Received Import Request.
  Time since last request: 155.079470 seconds.
  path: Assets/new Scripts/levels/Level.cs
  artifactKey: Guid(9910f7544c5d5d14dac63d5ec77dbadf) Importer(815301076,1909f56bfc062723c751e8b465ee728b)
Start importing Assets/new Scripts/levels/Level.cs using Guid(9910f7544c5d5d14dac63d5ec77dbadf) Importer(815301076,1909f56bfc062723c751e8b465ee728b)  -> (artifact id: '45dcffb2b68b9c2bb3077b39bc9b1a1f') in 0.008692 seconds 
  Import took 0.011695 seconds .

========================================================================
Received Import Request.
  Time since last request: 0.336327 seconds.
  path: Assets/new Scripts/levels/Level.cs
  artifactKey: Guid(9910f7544c5d5d14dac63d5ec77dbadf) Importer(815301076,1909f56bfc062723c751e8b465ee728b)
Start importing Assets/new Scripts/levels/Level.cs using Guid(9910f7544c5d5d14dac63d5ec77dbadf) Importer(815301076,1909f56bfc062723c751e8b465ee728b)  -> (artifact id: '45dcffb2b68b9c2bb3077b39bc9b1a1f') in 0.002314 seconds 
  Import took 0.005140 seconds .

========================================================================
Received Prepare
Registering precompiled user dll's ...
Registered in 0.005252 seconds.
Begin MonoManager ReloadAssembly
Symbol file LoadedFromMemory doesn't match image C:\Users\serio\OneDrive\문서\GitHub\ArcanaDungeon\asdf\Library\PackageCache\com.unity.ext.nunit@1.0.0\net35\unity-custom\nunit.framework.dll
Native extension for WindowsStandalone target not found
Refreshing native plugins compatible for Editor in 0.38 ms, found 3 plugins.
Preloading 0 native plugins for Editor in 0.00 ms.
Mono: successfully reloaded assembly
- Completed reload, in  0.922 seconds
Platform modules already initialized, skipping
Refreshing native plugins compatible for Editor in 0.38 ms, found 3 plugins.
Preloading 0 native plugins for Editor in 0.00 ms.
Unloading 1985 Unused Serialized files (Serialized files now loaded: 0)
System memory in use before: 92.5 MB.
System memory in use after: 92.6 MB.

Unloading 15 unused Assets to reduce memory usage. Loaded Objects now: 2439.
Total: 2.456400 ms (FindLiveObjects: 0.206800 ms CreateObjectMapping: 0.083400 ms MarkObjects: 2.139600 ms  DeleteObjects: 0.025300 ms)

AssetImportParameters requested are different than current active one (requested -> active):
  custom:framework-win-MediaFoundation: 216162199b28c13a410421893ffa2e32 -> 
  custom:video-decoder-ogg-theora: a1e56fd34408186e4bbccfd4996cb3dc -> 
  custom:container-muxer-webm: aa71ff27fc2769a1b78a27578f13a17b -> 
  custom:container-demuxer-webm: 4f35f7cbe854078d1ac9338744f61a02 -> 
  custom:container-demuxer-ogg: 62fdf1f143b41e24485cea50d1cbac27 -> 
  custom:video-encoder-webm-vp8: eb34c28f22e8b96e1ab97ce403110664 -> 
  custom:video-decoder-webm-vp8: 9c59270c3fd7afecdb556c50c9e8de78 -> 
  custom:audio-decoder-ogg-vorbis: bf7c407c2cedff20999df2af8eb42d56 -> 
  custom:audio-encoder-webm-vorbis: bf7c407c2cedff20999df2af8eb42d56 -> 
========================================================================
Received Prepare
Registering precompiled user dll's ...
Registered in 0.005509 seconds.
Begin MonoManager ReloadAssembly
Symbol file LoadedFromMemory doesn't match image C:\Users\serio\OneDrive\문서\GitHub\ArcanaDungeon\asdf\Library\PackageCache\com.unity.ext.nunit@1.0.0\net35\unity-custom\nunit.framework.dll
Native extension for WindowsStandalone target not found
Refreshing native plugins compatible for Editor in 0.39 ms, found 3 plugins.
Preloading 0 native plugins for Editor in 0.00 ms.
Mono: successfully reloaded assembly
- Completed reload, in  0.898 seconds
Platform modules already initialized, skipping
Refreshing native plugins compatible for Editor in 0.39 ms, found 3 plugins.
Preloading 0 native plugins for Editor in 0.00 ms.
Unloading 1985 Unused Serialized files (Serialized files now loaded: 0)
System memory in use before: 92.5 MB.
System memory in use after: 92.6 MB.

Unloading 15 unused Assets to reduce memory usage. Loaded Objects now: 2441.
Total: 1.744600 ms (FindLiveObjects: 0.166600 ms CreateObjectMapping: 0.067900 ms MarkObjects: 1.495900 ms  DeleteObjects: 0.013500 ms)

AssetImportParameters requested are different than current active one (requested -> active):
  custom:framework-win-MediaFoundation: 216162199b28c13a410421893ffa2e32 -> 
  custom:video-decoder-ogg-theora: a1e56fd34408186e4bbccfd4996cb3dc -> 
  custom:container-muxer-webm: aa71ff27fc2769a1b78a27578f13a17b -> 
  custom:container-demuxer-webm: 4f35f7cbe854078d1ac9338744f61a02 -> 
  custom:container-demuxer-ogg: 62fdf1f143b41e24485cea50d1cbac27 -> 
  custom:video-encoder-webm-vp8: eb34c28f22e8b96e1ab97ce403110664 -> 
  custom:video-decoder-webm-vp8: 9c59270c3fd7afecdb556c50c9e8de78 -> 
  custom:audio-decoder-ogg-vorbis: bf7c407c2cedff20999df2af8eb42d56 -> 
  custom:audio-encoder-webm-vorbis: bf7c407c2cedff20999df2af8eb42d56 -> 
========================================================================
Received Prepare
Registering precompiled user dll's ...
Registered in 0.004904 seconds.
Begin MonoManager ReloadAssembly
Symbol file LoadedFromMemory doesn't match image C:\Users\serio\OneDrive\문서\GitHub\ArcanaDungeon\asdf\Library\PackageCache\com.unity.ext.nunit@1.0.0\net35\unity-custom\nunit.framework.dll
Native extension for WindowsStandalone target not found
Refreshing native plugins compatible for Editor in 0.39 ms, found 3 plugins.
Preloading 0 native plugins for Editor in 0.00 ms.
Mono: successfully reloaded assembly
- Completed reload, in  0.897 seconds
Platform modules already initialized, skipping
Refreshing native plugins compatible for Editor in 0.45 ms, found 3 plugins.
Preloading 0 native plugins for Editor in 0.00 ms.
Unloading 1985 Unused Serialized files (Serialized files now loaded: 0)
System memory in use before: 92.5 MB.
System memory in use after: 92.6 MB.

Unloading 15 unused Assets to reduce memory usage. Loaded Objects now: 2443.
Total: 1.922800 ms (FindLiveObjects: 0.200400 ms CreateObjectMapping: 0.080200 ms MarkObjects: 1.626200 ms  DeleteObjects: 0.014800 ms)

AssetImportParameters requested are different than current active one (requested -> active):
  custom:framework-win-MediaFoundation: 216162199b28c13a410421893ffa2e32 -> 
  custom:video-decoder-ogg-theora: a1e56fd34408186e4bbccfd4996cb3dc -> 
  custom:container-muxer-webm: aa71ff27fc2769a1b78a27578f13a17b -> 
  custom:container-demuxer-webm: 4f35f7cbe854078d1ac9338744f61a02 -> 
  custom:container-demuxer-ogg: 62fdf1f143b41e24485cea50d1cbac27 -> 
  custom:video-encoder-webm-vp8: eb34c28f22e8b96e1ab97ce403110664 -> 
  custom:video-decoder-webm-vp8: 9c59270c3fd7afecdb556c50c9e8de78 -> 
  custom:audio-decoder-ogg-vorbis: bf7c407c2cedff20999df2af8eb42d56 -> 
  custom:audio-encoder-webm-vorbis: bf7c407c2cedff20999df2af8eb42d56 -> 
AssetImportWorkerClient::OnTransportError - code=2 error=End of file
