Using pre-set license
Built from '2020.3/release' branch; Version is '2020.3.12f1 (b3b2c6512326) revision 11776710'; Using compiler version '192528614'; Build Type 'Release'
OS: 'Windows 10 Pro; OS build 19042.1110; Version 2009; 64bit' Language: 'ko' Physical Memory: 16322 MB
BatchMode: 1, IsHumanControllingUs: 0, StartBugReporterOnCrash: 0, Is64bit: 1, IsPro: 0

 COMMAND LINE ARGUMENTS:
C:\Program Files\Unity\Hub\Editor\2020.3.12f1\Editor\Unity.exe
-adb2
-batchMode
-noUpm
-name
AssetImportWorker0
-projectPath
C:/Users/serio/OneDrive/문서/GitHub/ArcanaDungeon/asdf
-logFile
Logs/AssetImportWorker0.log
-srvPort
50291
Successfully changed project path to: C:/Users/serio/OneDrive/문서/GitHub/ArcanaDungeon/asdf
C:/Users/serio/OneDrive/문서/GitHub/ArcanaDungeon/asdf
Using Asset Import Pipeline V2.
Refreshing native plugins compatible for Editor in 39.25 ms, found 3 plugins.
Preloading 0 native plugins for Editor in 0.00 ms.
Initialize engine version: 2020.3.12f1 (b3b2c6512326)
[Subsystems] Discovering subsystems at path C:/Program Files/Unity/Hub/Editor/2020.3.12f1/Editor/Data/Resources/UnitySubsystems
[Subsystems] Discovering subsystems at path C:/Users/serio/OneDrive/문서/GitHub/ArcanaDungeon/asdf/Assets
GfxDevice: creating device client; threaded=0
Direct3D:
    Version:  Direct3D 11.0 [level 11.1]
    Renderer: NVIDIA GeForce GTX 1660 Ti (ID=0x2182)
    Vendor:   
    VRAM:     5991 MB
    Driver:   27.21.14.6589
Initialize mono
Mono path[0] = 'C:/Program Files/Unity/Hub/Editor/2020.3.12f1/Editor/Data/Managed'
Mono path[1] = 'C:/Program Files/Unity/Hub/Editor/2020.3.12f1/Editor/Data/MonoBleedingEdge/lib/mono/unityjit'
Mono config path = 'C:/Program Files/Unity/Hub/Editor/2020.3.12f1/Editor/Data/MonoBleedingEdge/etc'
Using monoOptions --debugger-agent=transport=dt_socket,embedding=1,server=y,suspend=n,address=127.0.0.1:56356
Begin MonoManager ReloadAssembly
Registering precompiled unity dll's ...
Register platform support module: C:/Program Files/Unity/Hub/Editor/2020.3.12f1/Editor/Data/PlaybackEngines/WindowsStandaloneSupport/UnityEditor.WindowsStandalone.Extensions.dll
Registered in 0.002340 seconds.
Native extension for WindowsStandalone target not found
Refreshing native plugins compatible for Editor in 35.06 ms, found 3 plugins.
Preloading 0 native plugins for Editor in 0.00 ms.
Mono: successfully reloaded assembly
- Completed reload, in  1.003 seconds
Platform modules already initialized, skipping
Registering precompiled user dll's ...
Registered in 0.005330 seconds.
Begin MonoManager ReloadAssembly
Symbol file LoadedFromMemory doesn't match image C:\Users\serio\OneDrive\문서\GitHub\ArcanaDungeon\asdf\Library\PackageCache\com.unity.ext.nunit@1.0.0\net35\unity-custom\nunit.framework.dll
Native extension for WindowsStandalone target not found
Refreshing native plugins compatible for Editor in 37.84 ms, found 3 plugins.
Preloading 0 native plugins for Editor in 0.00 ms.
Mono: successfully reloaded assembly
- Completed reload, in  1.007 seconds
Platform modules already initialized, skipping
========================================================================
Worker process is ready to serve import requests
Launched and connected shader compiler UnityShaderCompiler.exe after 0.04 seconds
Refreshing native plugins compatible for Editor in 0.37 ms, found 3 plugins.
Preloading 0 native plugins for Editor in 0.00 ms.
Unloading 1996 Unused Serialized files (Serialized files now loaded: 0)
System memory in use before: 93.0 MB.
System memory in use after: 93.0 MB.

Unloading 25 unused Assets to reduce memory usage. Loaded Objects now: 2432.
Total: 1.856100 ms (FindLiveObjects: 0.183500 ms CreateObjectMapping: 0.084200 ms MarkObjects: 1.534800 ms  DeleteObjects: 0.052700 ms)

AssetImportParameters requested are different than current active one (requested -> active):
  custom:framework-win-MediaFoundation: 216162199b28c13a410421893ffa2e32 -> 
  custom:video-decoder-ogg-theora: a1e56fd34408186e4bbccfd4996cb3dc -> 
  custom:container-muxer-webm: aa71ff27fc2769a1b78a27578f13a17b -> 
  custom:container-demuxer-webm: 4f35f7cbe854078d1ac9338744f61a02 -> 
  custom:container-demuxer-ogg: 62fdf1f143b41e24485cea50d1cbac27 -> 
  custom:video-encoder-webm-vp8: eb34c28f22e8b96e1ab97ce403110664 -> 
  custom:video-decoder-webm-vp8: 9c59270c3fd7afecdb556c50c9e8de78 -> 
  custom:audio-decoder-ogg-vorbis: bf7c407c2cedff20999df2af8eb42d56 -> 
  custom:audio-encoder-webm-vorbis: bf7c407c2cedff20999df2af8eb42d56 -> 
========================================================================
Received Import Request.
  path: Assets/prefabs
  artifactKey: Guid(6adf9a176581f6c429c53380d184ff5f) Importer(815301076,1909f56bfc062723c751e8b465ee728b)
Start importing Assets/prefabs using Guid(6adf9a176581f6c429c53380d184ff5f) Importer(815301076,1909f56bfc062723c751e8b465ee728b)  -> (artifact id: 'ca374fcfa623944813622eb17276cb33') in 0.008710 seconds 
  Import took 0.011660 seconds .

========================================================================
Received Import Request.
  Time since last request: 0.000207 seconds.
  path: Assets/Scripts/Thing.cs
  artifactKey: Guid(941c802684507ae47b61f67faba7cce3) Importer(815301076,1909f56bfc062723c751e8b465ee728b)
Start importing Assets/Scripts/Thing.cs using Guid(941c802684507ae47b61f67faba7cce3) Importer(815301076,1909f56bfc062723c751e8b465ee728b)  -> (artifact id: '3cc75c4c949162769aa5e41fb5fb56bf') in 0.032804 seconds 
  Import took 0.035669 seconds .

========================================================================
Received Import Request.
  Time since last request: 0.221777 seconds.
  path: Assets/Scripts
  artifactKey: Guid(6b0328485dc0d2f4bb738cd4274fd0c8) Importer(815301076,1909f56bfc062723c751e8b465ee728b)
Start importing Assets/Scripts using Guid(6b0328485dc0d2f4bb738cd4274fd0c8) Importer(815301076,1909f56bfc062723c751e8b465ee728b)  -> (artifact id: '2d1b4c0e75a12874bf3c33dc874c49ea') in 0.005916 seconds 
  Import took 0.008805 seconds .

========================================================================
Received Import Request.
  Time since last request: 2.590002 seconds.
  path: Assets/Scripts/Object/Enemy/Enemy.cs
  artifactKey: Guid(231bd9a0350f0a74c9de80603893f210) Importer(815301076,1909f56bfc062723c751e8b465ee728b)
Start importing Assets/Scripts/Object/Enemy/Enemy.cs using Guid(231bd9a0350f0a74c9de80603893f210) Importer(815301076,1909f56bfc062723c751e8b465ee728b)  -> (artifact id: '87c9c722a139a8c95901e391f95fa908') in 0.005686 seconds 
  Import took 0.008502 seconds .

========================================================================
Received Import Request.
  Time since last request: 993.797599 seconds.
  path: Assets/Scripts/Object/Enemy/Enemy.cs
  artifactKey: Guid(231bd9a0350f0a74c9de80603893f210) Importer(815301076,1909f56bfc062723c751e8b465ee728b)
Start importing Assets/Scripts/Object/Enemy/Enemy.cs using Guid(231bd9a0350f0a74c9de80603893f210) Importer(815301076,1909f56bfc062723c751e8b465ee728b)  -> (artifact id: '5b9743cb5524f5e393c05315b16fe524') in 0.003149 seconds 
  Import took 0.006821 seconds .

========================================================================
Received Import Request.
  Time since last request: 3.548867 seconds.
  path: Assets/Scripts/System/levels/RegularLevel.cs
  artifactKey: Guid(946158cc1191cc440a310188d5d728c8) Importer(815301076,1909f56bfc062723c751e8b465ee728b)
Start importing Assets/Scripts/System/levels/RegularLevel.cs using Guid(946158cc1191cc440a310188d5d728c8) Importer(815301076,1909f56bfc062723c751e8b465ee728b)  -> (artifact id: '3ab39a36a480a3f9339fb077d63b8a8d') in 0.007508 seconds 
  Import took 0.011051 seconds .

========================================================================
Received Import Request.
  Time since last request: 0.000932 seconds.
  path: Assets/Scripts/System/levels/RegularLevel.cs
  artifactKey: Guid(946158cc1191cc440a310188d5d728c8) Importer(815301076,1909f56bfc062723c751e8b465ee728b)
Start importing Assets/Scripts/System/levels/RegularLevel.cs using Guid(946158cc1191cc440a310188d5d728c8) Importer(815301076,1909f56bfc062723c751e8b465ee728b)  -> (artifact id: '3ab39a36a480a3f9339fb077d63b8a8d') in 0.002993 seconds 
  Import took 0.005915 seconds .

========================================================================
Received Import Request.
  Time since last request: 50.956462 seconds.
  path: Assets/Scripts/System/levels/RegularLevel.cs
  artifactKey: Guid(946158cc1191cc440a310188d5d728c8) Importer(815301076,1909f56bfc062723c751e8b465ee728b)
Start importing Assets/Scripts/System/levels/RegularLevel.cs using Guid(946158cc1191cc440a310188d5d728c8) Importer(815301076,1909f56bfc062723c751e8b465ee728b)  -> (artifact id: 'e7241069eb21bae7071d73452acd68f4') in 0.002512 seconds 
  Import took 0.005573 seconds .

========================================================================
Received Prepare
Registering precompiled user dll's ...
Registered in 0.005015 seconds.
Begin MonoManager ReloadAssembly
Symbol file LoadedFromMemory doesn't match image C:\Users\serio\OneDrive\문서\GitHub\ArcanaDungeon\asdf\Library\PackageCache\com.unity.ext.nunit@1.0.0\net35\unity-custom\nunit.framework.dll
Native extension for WindowsStandalone target not found
Refreshing native plugins compatible for Editor in 0.38 ms, found 3 plugins.
Preloading 0 native plugins for Editor in 0.00 ms.
Mono: successfully reloaded assembly
- Completed reload, in  0.904 seconds
Platform modules already initialized, skipping
Refreshing native plugins compatible for Editor in 0.38 ms, found 3 plugins.
Preloading 0 native plugins for Editor in 0.00 ms.
Unloading 1986 Unused Serialized files (Serialized files now loaded: 0)
System memory in use before: 92.4 MB.
System memory in use after: 92.5 MB.

Unloading 15 unused Assets to reduce memory usage. Loaded Objects now: 2434.
Total: 1.709600 ms (FindLiveObjects: 0.172700 ms CreateObjectMapping: 0.072200 ms MarkObjects: 1.450300 ms  DeleteObjects: 0.013700 ms)

AssetImportParameters requested are different than current active one (requested -> active):
  custom:framework-win-MediaFoundation: 216162199b28c13a410421893ffa2e32 -> 
  custom:video-decoder-ogg-theora: a1e56fd34408186e4bbccfd4996cb3dc -> 
  custom:container-muxer-webm: aa71ff27fc2769a1b78a27578f13a17b -> 
  custom:container-demuxer-webm: 4f35f7cbe854078d1ac9338744f61a02 -> 
  custom:container-demuxer-ogg: 62fdf1f143b41e24485cea50d1cbac27 -> 
  custom:video-encoder-webm-vp8: eb34c28f22e8b96e1ab97ce403110664 -> 
  custom:video-decoder-webm-vp8: 9c59270c3fd7afecdb556c50c9e8de78 -> 
  custom:audio-decoder-ogg-vorbis: bf7c407c2cedff20999df2af8eb42d56 -> 
  custom:audio-encoder-webm-vorbis: bf7c407c2cedff20999df2af8eb42d56 -> 
========================================================================
Received Import Request.
  Time since last request: 20.259745 seconds.
  path: Assets/Scripts/Dungeon.cs
  artifactKey: Guid(481f9a45a6b9b5347a7ebb1dd7577f47) Importer(815301076,1909f56bfc062723c751e8b465ee728b)
Start importing Assets/Scripts/Dungeon.cs using Guid(481f9a45a6b9b5347a7ebb1dd7577f47) Importer(815301076,1909f56bfc062723c751e8b465ee728b)  -> (artifact id: 'f6fb677b257c3a128d472675733f85ec') in 0.008906 seconds 
  Import took 0.012181 seconds .

========================================================================
Received Import Request.
  Time since last request: 0.001576 seconds.
  path: Assets/Scripts/Dungeon.cs
  artifactKey: Guid(481f9a45a6b9b5347a7ebb1dd7577f47) Importer(815301076,1909f56bfc062723c751e8b465ee728b)
Start importing Assets/Scripts/Dungeon.cs using Guid(481f9a45a6b9b5347a7ebb1dd7577f47) Importer(815301076,1909f56bfc062723c751e8b465ee728b)  -> (artifact id: 'f6fb677b257c3a128d472675733f85ec') in 0.002572 seconds 
  Import took 0.006013 seconds .

========================================================================
Received Import Request.
  Time since last request: 9.443687 seconds.
  path: Assets/Scripts/util/Rect.cs
  artifactKey: Guid(dddf01192290f4d47ab20e9e627f2528) Importer(815301076,1909f56bfc062723c751e8b465ee728b)
Start importing Assets/Scripts/util/Rect.cs using Guid(dddf01192290f4d47ab20e9e627f2528) Importer(815301076,1909f56bfc062723c751e8b465ee728b)  -> (artifact id: 'f403f55995ae4bf3c3455ce5462d305a') in 0.006063 seconds 
  Import took 0.009823 seconds .

========================================================================
Received Import Request.
  Time since last request: 3.349050 seconds.
  path: Assets/Scripts/util/SizePicker.cs
  artifactKey: Guid(58c4d3a9264ab704a84e2a8d3be55cb3) Importer(815301076,1909f56bfc062723c751e8b465ee728b)
Start importing Assets/Scripts/util/SizePicker.cs using Guid(58c4d3a9264ab704a84e2a8d3be55cb3) Importer(815301076,1909f56bfc062723c751e8b465ee728b)  -> (artifact id: 'fb31a01acaff1ef9c3d8b665af81bbe0') in 0.006771 seconds 
  Import took 0.009859 seconds .

========================================================================
Received Import Request.
  Time since last request: 25.855944 seconds.
  path: Assets/Scripts/Object/player/player.cs
  artifactKey: Guid(9be2a3f4aa6a8244388d1d3372c8a02f) Importer(815301076,1909f56bfc062723c751e8b465ee728b)
Start importing Assets/Scripts/Object/player/player.cs using Guid(9be2a3f4aa6a8244388d1d3372c8a02f) Importer(815301076,1909f56bfc062723c751e8b465ee728b)  -> (artifact id: 'b1c1afd69a63cd7c4dd24302c9c5b266') in 0.005754 seconds 
  Import took 0.009536 seconds .

========================================================================
Received Import Request.
  Time since last request: 3.824399 seconds.
  path: Assets/Scripts/System/Camera.cs
  artifactKey: Guid(05df166094160b74885cc1224d19fb0e) Importer(815301076,1909f56bfc062723c751e8b465ee728b)
Start importing Assets/Scripts/System/Camera.cs using Guid(05df166094160b74885cc1224d19fb0e) Importer(815301076,1909f56bfc062723c751e8b465ee728b)  -> (artifact id: '5ec070e07d3da0336eb2d2822c580819') in 0.007139 seconds 
  Import took 0.010555 seconds .

========================================================================
Received Import Request.
  Time since last request: 4.614115 seconds.
  path: Assets/Scripts/System/Rooms/CorridorRoom.cs
  artifactKey: Guid(65a81178c074a4b4bbb19d06ae94d0c3) Importer(815301076,1909f56bfc062723c751e8b465ee728b)
Start importing Assets/Scripts/System/Rooms/CorridorRoom.cs using Guid(65a81178c074a4b4bbb19d06ae94d0c3) Importer(815301076,1909f56bfc062723c751e8b465ee728b)  -> (artifact id: '5153371c60557cf563edf6b46835d5af') in 0.006227 seconds 
  Import took 0.009144 seconds .

========================================================================
Received Import Request.
  Time since last request: 225.348012 seconds.
  path: Assets/Scripts/System/Rooms/CorridorRoom.cs
  artifactKey: Guid(65a81178c074a4b4bbb19d06ae94d0c3) Importer(815301076,1909f56bfc062723c751e8b465ee728b)
Start importing Assets/Scripts/System/Rooms/CorridorRoom.cs using Guid(65a81178c074a4b4bbb19d06ae94d0c3) Importer(815301076,1909f56bfc062723c751e8b465ee728b)  -> (artifact id: 'b7114e57f3e04c754ae60f760ea31580') in 0.002483 seconds 
  Import took 0.005773 seconds .

========================================================================
Received Import Request.
  Time since last request: 5.843333 seconds.
  path: Assets/Scripts/System/Rooms/DownStairsRoom.cs
  artifactKey: Guid(77dd1ec665140ec44ac544abe47e890f) Importer(815301076,1909f56bfc062723c751e8b465ee728b)
Start importing Assets/Scripts/System/Rooms/DownStairsRoom.cs using Guid(77dd1ec665140ec44ac544abe47e890f) Importer(815301076,1909f56bfc062723c751e8b465ee728b)  -> (artifact id: '338eb1307ac924baa77e5790e3d59cc4') in 0.006003 seconds 
  Import took 0.009203 seconds .

========================================================================
Received Import Request.
  Time since last request: 1.419941 seconds.
  path: Assets/Scripts/System/Rooms/EmptyRoom.cs
  artifactKey: Guid(de88d8fd74b35d2459a27e70f5195d30) Importer(815301076,1909f56bfc062723c751e8b465ee728b)
Start importing Assets/Scripts/System/Rooms/EmptyRoom.cs using Guid(de88d8fd74b35d2459a27e70f5195d30) Importer(815301076,1909f56bfc062723c751e8b465ee728b)  -> (artifact id: '704d012b1302fb54fecc76153b638c38') in 0.007893 seconds 
  Import took 0.010769 seconds .

========================================================================
Received Import Request.
  Time since last request: 68.512127 seconds.
  path: Assets/Scripts/System/Rooms/UpStairsRoom.cs
  artifactKey: Guid(d559da3c4f889074db27cc5eb2d1083b) Importer(815301076,1909f56bfc062723c751e8b465ee728b)
Start importing Assets/Scripts/System/Rooms/UpStairsRoom.cs using Guid(d559da3c4f889074db27cc5eb2d1083b) Importer(815301076,1909f56bfc062723c751e8b465ee728b)  -> (artifact id: 'cc073c91c365a6e32caa4090feafea11') in 0.005534 seconds 
  Import took 0.008831 seconds .

========================================================================
Received Import Request.
  Time since last request: 1.209642 seconds.
  path: Assets/Scripts/System/Rooms/Room.cs
  artifactKey: Guid(5cf17b738771cc14b8d473471784881b) Importer(815301076,1909f56bfc062723c751e8b465ee728b)
Start importing Assets/Scripts/System/Rooms/Room.cs using Guid(5cf17b738771cc14b8d473471784881b) Importer(815301076,1909f56bfc062723c751e8b465ee728b)  -> (artifact id: '539fc7f355aee23cd2545cae705e3389') in 0.006093 seconds 
  Import took 0.008927 seconds .

========================================================================
Received Import Request.
  Time since last request: 15.124102 seconds.
  path: Assets/Scripts/System/painters/EmptyRoomPainter.cs
  artifactKey: Guid(301a95095be924a4e8835d275e336246) Importer(815301076,1909f56bfc062723c751e8b465ee728b)
Start importing Assets/Scripts/System/painters/EmptyRoomPainter.cs using Guid(301a95095be924a4e8835d275e336246) Importer(815301076,1909f56bfc062723c751e8b465ee728b)  -> (artifact id: '2ef7776b9c283335a95bed78dabd9961') in 0.008553 seconds 
  Import took 0.011983 seconds .

========================================================================
Received Import Request.
  Time since last request: 1.208653 seconds.
  path: Assets/Scripts/System/painters/Painter.cs
  artifactKey: Guid(1c226a7e6c2bb2b41984bec5c85fabf3) Importer(815301076,1909f56bfc062723c751e8b465ee728b)
Start importing Assets/Scripts/System/painters/Painter.cs using Guid(1c226a7e6c2bb2b41984bec5c85fabf3) Importer(815301076,1909f56bfc062723c751e8b465ee728b)  -> (artifact id: '9a437f561b81cc27749c6286a3b8ed14') in 0.007287 seconds 
  Import took 0.010728 seconds .

========================================================================
Received Import Request.
  Time since last request: 2.579203 seconds.
  path: Assets/Scripts/System/painters/UpStairRoomPainter.cs
  artifactKey: Guid(3d17e1a14da32d349b178553047bd70c) Importer(815301076,1909f56bfc062723c751e8b465ee728b)
Start importing Assets/Scripts/System/painters/UpStairRoomPainter.cs using Guid(3d17e1a14da32d349b178553047bd70c) Importer(815301076,1909f56bfc062723c751e8b465ee728b)  -> (artifact id: 'e70ba16a6e7a4a8ce410903d54913851') in 0.007209 seconds 
  Import took 0.010188 seconds .

========================================================================
Received Import Request.
  Time since last request: 2.652222 seconds.
  path: Assets/Scripts/System/painters/DownStairRoomPainter.cs
  artifactKey: Guid(c00481aa76809fe41ae85b643fd292ca) Importer(815301076,1909f56bfc062723c751e8b465ee728b)
Start importing Assets/Scripts/System/painters/DownStairRoomPainter.cs using Guid(c00481aa76809fe41ae85b643fd292ca) Importer(815301076,1909f56bfc062723c751e8b465ee728b)  -> (artifact id: '4c10c930f6830c230eef68b7c93561bd') in 0.006226 seconds 
  Import took 0.009524 seconds .

========================================================================
Received Import Request.
  Time since last request: 1.629714 seconds.
  path: Assets/Scripts/System/painters/CorridorRoomPainter.cs
  artifactKey: Guid(1bb34f2a406e9d7439fd102dd5d3ae0f) Importer(815301076,1909f56bfc062723c751e8b465ee728b)
Start importing Assets/Scripts/System/painters/CorridorRoomPainter.cs using Guid(1bb34f2a406e9d7439fd102dd5d3ae0f) Importer(815301076,1909f56bfc062723c751e8b465ee728b)  -> (artifact id: 'fb4519ca2bc29e260f4ae035050f76bb') in 0.008450 seconds 
  Import took 0.012511 seconds .

========================================================================
Received Import Request.
  Time since last request: 42.969793 seconds.
  path: Assets/Scripts/System/painters/CorridorRoomPainter.cs
  artifactKey: Guid(1bb34f2a406e9d7439fd102dd5d3ae0f) Importer(815301076,1909f56bfc062723c751e8b465ee728b)
Start importing Assets/Scripts/System/painters/CorridorRoomPainter.cs using Guid(1bb34f2a406e9d7439fd102dd5d3ae0f) Importer(815301076,1909f56bfc062723c751e8b465ee728b)  -> (artifact id: '90e3e06c6c71f1d74b4530e80aae47ac') in 0.002805 seconds 
  Import took 0.005851 seconds .

========================================================================
Received Import Request.
  Time since last request: 3.563643 seconds.
  path: Assets/Scripts/System/levels/Level.cs
  artifactKey: Guid(9910f7544c5d5d14dac63d5ec77dbadf) Importer(815301076,1909f56bfc062723c751e8b465ee728b)
Start importing Assets/Scripts/System/levels/Level.cs using Guid(9910f7544c5d5d14dac63d5ec77dbadf) Importer(815301076,1909f56bfc062723c751e8b465ee728b)  -> (artifact id: 'e6858156aad85d7955adff23b8834941') in 0.002808 seconds 
  Import took 0.005792 seconds .

========================================================================
Received Import Request.
  Time since last request: 0.001676 seconds.
  path: Assets/Scripts/System/levels/Level.cs
  artifactKey: Guid(9910f7544c5d5d14dac63d5ec77dbadf) Importer(815301076,1909f56bfc062723c751e8b465ee728b)
Start importing Assets/Scripts/System/levels/Level.cs using Guid(9910f7544c5d5d14dac63d5ec77dbadf) Importer(815301076,1909f56bfc062723c751e8b465ee728b)  -> (artifact id: 'e6858156aad85d7955adff23b8834941') in 0.002972 seconds 
  Import took 0.006382 seconds .

========================================================================
Received Import Request.
  Time since last request: 1.719216 seconds.
  path: Assets/Scripts/System/levels/BossLevel.cs
  artifactKey: Guid(9982a9632c0f4ff4ea81e0cf87dc4d88) Importer(815301076,1909f56bfc062723c751e8b465ee728b)
Start importing Assets/Scripts/System/levels/BossLevel.cs using Guid(9982a9632c0f4ff4ea81e0cf87dc4d88) Importer(815301076,1909f56bfc062723c751e8b465ee728b)  -> (artifact id: 'c97acd761f41e9a9f1547defc8946ba6') in 0.006189 seconds 
  Import took 0.009182 seconds .

========================================================================
Received Import Request.
  Time since last request: 2.324463 seconds.
  path: Assets/Scripts/System/levels/RegularLevel.cs
  artifactKey: Guid(946158cc1191cc440a310188d5d728c8) Importer(815301076,1909f56bfc062723c751e8b465ee728b)
Start importing Assets/Scripts/System/levels/RegularLevel.cs using Guid(946158cc1191cc440a310188d5d728c8) Importer(815301076,1909f56bfc062723c751e8b465ee728b)  -> (artifact id: '9e2fa40da0aae1bd6c02bc49cd46d910') in 0.006159 seconds 
  Import took 0.009258 seconds .

========================================================================
Received Import Request.
  Time since last request: 0.001468 seconds.
  path: Assets/Scripts/System/levels/RegularLevel.cs
  artifactKey: Guid(946158cc1191cc440a310188d5d728c8) Importer(815301076,1909f56bfc062723c751e8b465ee728b)
Start importing Assets/Scripts/System/levels/RegularLevel.cs using Guid(946158cc1191cc440a310188d5d728c8) Importer(815301076,1909f56bfc062723c751e8b465ee728b)  -> (artifact id: '9e2fa40da0aae1bd6c02bc49cd46d910') in 0.003434 seconds 
  Import took 0.006828 seconds .

========================================================================
Received Import Request.
  Time since last request: 4.315016 seconds.
  path: Assets/Scripts/System/generators/Generator.cs
  artifactKey: Guid(ec215080c41c4a3458659edfb126ffed) Importer(815301076,1909f56bfc062723c751e8b465ee728b)
Start importing Assets/Scripts/System/generators/Generator.cs using Guid(ec215080c41c4a3458659edfb126ffed) Importer(815301076,1909f56bfc062723c751e8b465ee728b)  -> (artifact id: '81f167a45b42849be345c430830600f2') in 0.006122 seconds 
  Import took 0.009106 seconds .

========================================================================
Received Import Request.
  Time since last request: 0.003221 seconds.
  path: Assets/Scripts/System/generators/Generator.cs
  artifactKey: Guid(ec215080c41c4a3458659edfb126ffed) Importer(815301076,1909f56bfc062723c751e8b465ee728b)
Start importing Assets/Scripts/System/generators/Generator.cs using Guid(ec215080c41c4a3458659edfb126ffed) Importer(815301076,1909f56bfc062723c751e8b465ee728b)  -> (artifact id: '81f167a45b42849be345c430830600f2') in 0.002651 seconds 
  Import took 0.005542 seconds .

========================================================================
Received Import Request.
  Time since last request: 34.328703 seconds.
  path: Assets/Scripts/util/Rect.cs
  artifactKey: Guid(dddf01192290f4d47ab20e9e627f2528) Importer(815301076,1909f56bfc062723c751e8b465ee728b)
Start importing Assets/Scripts/util/Rect.cs using Guid(dddf01192290f4d47ab20e9e627f2528) Importer(815301076,1909f56bfc062723c751e8b465ee728b)  -> (artifact id: '7cba1c77862227b108cdb0330e0fed4e') in 0.006655 seconds 
  Import took 0.010602 seconds .

========================================================================
Received Import Request.
  Time since last request: 1.290307 seconds.
  path: Assets/Scripts/util/RNG.cs
  artifactKey: Guid(2e6f4fdb78325ab4ba69e0ad7276d4c3) Importer(815301076,1909f56bfc062723c751e8b465ee728b)
Start importing Assets/Scripts/util/RNG.cs using Guid(2e6f4fdb78325ab4ba69e0ad7276d4c3) Importer(815301076,1909f56bfc062723c751e8b465ee728b)  -> (artifact id: '557a5c7823ee54cb12b52ffc662144e6') in 0.007051 seconds 
  Import took 0.010249 seconds .

========================================================================
Received Import Request.
  Time since last request: 1.778176 seconds.
  path: Assets/Scripts/util/SizePicker.cs
  artifactKey: Guid(58c4d3a9264ab704a84e2a8d3be55cb3) Importer(815301076,1909f56bfc062723c751e8b465ee728b)
Start importing Assets/Scripts/util/SizePicker.cs using Guid(58c4d3a9264ab704a84e2a8d3be55cb3) Importer(815301076,1909f56bfc062723c751e8b465ee728b)  -> (artifact id: '0b15683f147787059f911acbe73000e7') in 0.003005 seconds 
  Import took 0.005983 seconds .

========================================================================
Received Import Request.
  Time since last request: 0.001223 seconds.
  path: Assets/Scripts/util/SizePicker.cs
  artifactKey: Guid(58c4d3a9264ab704a84e2a8d3be55cb3) Importer(815301076,1909f56bfc062723c751e8b465ee728b)
Start importing Assets/Scripts/util/SizePicker.cs using Guid(58c4d3a9264ab704a84e2a8d3be55cb3) Importer(815301076,1909f56bfc062723c751e8b465ee728b)  -> (artifact id: '0b15683f147787059f911acbe73000e7') in 0.002912 seconds 
  Import took 0.005969 seconds .

========================================================================
Received Import Request.
  Time since last request: 1.371469 seconds.
  path: Assets/Scripts/util/Visionchecker.cs
  artifactKey: Guid(9e91b709972df9a4f845d7d35f7e0838) Importer(815301076,1909f56bfc062723c751e8b465ee728b)
Start importing Assets/Scripts/util/Visionchecker.cs using Guid(9e91b709972df9a4f845d7d35f7e0838) Importer(815301076,1909f56bfc062723c751e8b465ee728b)  -> (artifact id: '8aea3ee18be5ab08d567f8dbad016e50') in 0.006072 seconds 
  Import took 0.008983 seconds .

========================================================================
Received Import Request.
  Time since last request: 0.000900 seconds.
  path: Assets/Scripts/util/Visionchecker.cs
  artifactKey: Guid(9e91b709972df9a4f845d7d35f7e0838) Importer(815301076,1909f56bfc062723c751e8b465ee728b)
Start importing Assets/Scripts/util/Visionchecker.cs using Guid(9e91b709972df9a4f845d7d35f7e0838) Importer(815301076,1909f56bfc062723c751e8b465ee728b)  -> (artifact id: '8aea3ee18be5ab08d567f8dbad016e50') in 0.003036 seconds 
  Import took 0.005933 seconds .

========================================================================
Received Import Request.
  Time since last request: 43.656559 seconds.
  path: Assets/Scripts/util/Visionchecker.cs
  artifactKey: Guid(9e91b709972df9a4f845d7d35f7e0838) Importer(815301076,1909f56bfc062723c751e8b465ee728b)
Start importing Assets/Scripts/util/Visionchecker.cs using Guid(9e91b709972df9a4f845d7d35f7e0838) Importer(815301076,1909f56bfc062723c751e8b465ee728b)  -> (artifact id: '2a1e9ae603abae1a636004825d9dd548') in 0.003309 seconds 
  Import took 0.006917 seconds .

========================================================================
Received Import Request.
  Time since last request: 102.952679 seconds.
  path: Assets/Scripts/Thing.cs
  artifactKey: Guid(941c802684507ae47b61f67faba7cce3) Importer(815301076,1909f56bfc062723c751e8b465ee728b)
Start importing Assets/Scripts/Thing.cs using Guid(941c802684507ae47b61f67faba7cce3) Importer(815301076,1909f56bfc062723c751e8b465ee728b)  -> (artifact id: '562a565fc44facc6aab2352192fc6e35') in 0.003277 seconds 
  Import took 0.006114 seconds .

========================================================================
Received Import Request.
  Time since last request: 11.769938 seconds.
  path: Assets/Scripts/Terrain.cs
  artifactKey: Guid(56fefe8cf72d4774ea20b26faec7263f) Importer(815301076,1909f56bfc062723c751e8b465ee728b)
Start importing Assets/Scripts/Terrain.cs using Guid(56fefe8cf72d4774ea20b26faec7263f) Importer(815301076,1909f56bfc062723c751e8b465ee728b)  -> (artifact id: '605dbcf4031c6e42f19aa6d1df461468') in 0.003810 seconds 
  Import took 0.007599 seconds .

========================================================================
Received Import Request.
  Time since last request: 3.263226 seconds.
  path: Assets/Scripts/Dungeon.cs
  artifactKey: Guid(481f9a45a6b9b5347a7ebb1dd7577f47) Importer(815301076,1909f56bfc062723c751e8b465ee728b)
Start importing Assets/Scripts/Dungeon.cs using Guid(481f9a45a6b9b5347a7ebb1dd7577f47) Importer(815301076,1909f56bfc062723c751e8b465ee728b)  -> (artifact id: '07d6c1676af269785debb9e44830d6fa') in 0.013140 seconds 
  Import took 0.018690 seconds .

========================================================================
Received Import Request.
  Time since last request: 0.001365 seconds.
  path: Assets/Scripts/Dungeon.cs
  artifactKey: Guid(481f9a45a6b9b5347a7ebb1dd7577f47) Importer(815301076,1909f56bfc062723c751e8b465ee728b)
Start importing Assets/Scripts/Dungeon.cs using Guid(481f9a45a6b9b5347a7ebb1dd7577f47) Importer(815301076,1909f56bfc062723c751e8b465ee728b)  -> (artifact id: '07d6c1676af269785debb9e44830d6fa') in 0.003034 seconds 
  Import took 0.006550 seconds .

========================================================================
Received Import Request.
  Time since last request: 63.746115 seconds.
  path: Assets/Scripts/Object/Thing.cs
  artifactKey: Guid(941c802684507ae47b61f67faba7cce3) Importer(815301076,1909f56bfc062723c751e8b465ee728b)
Start importing Assets/Scripts/Object/Thing.cs using Guid(941c802684507ae47b61f67faba7cce3) Importer(815301076,1909f56bfc062723c751e8b465ee728b)  -> (artifact id: 'd8b0bb9bff2c02e5334764f597f85a1e') in 0.002847 seconds 
  Import took 0.006143 seconds .

========================================================================
Received Import Request.
  Time since last request: 142.133060 seconds.
  path: Assets/Scripts/Object/Cards/CardSlots.cs
  artifactKey: Guid(fb28bfaaebdfdae468441d06469b085d) Importer(815301076,1909f56bfc062723c751e8b465ee728b)
Start importing Assets/Scripts/Object/Cards/CardSlots.cs using Guid(fb28bfaaebdfdae468441d06469b085d) Importer(815301076,1909f56bfc062723c751e8b465ee728b)  -> (artifact id: '5c386d06f0121ecd99bcc90607a159c5') in 0.003618 seconds 
  Import took 0.007546 seconds .

========================================================================
Received Import Request.
  Time since last request: 80.624727 seconds.
  path: Assets/Scripts/Object/Cards/Deck.cs
  artifactKey: Guid(fe2d7ec35abdbc3408254975e1b22e04) Importer(815301076,1909f56bfc062723c751e8b465ee728b)
Start importing Assets/Scripts/Object/Cards/Deck.cs using Guid(fe2d7ec35abdbc3408254975e1b22e04) Importer(815301076,1909f56bfc062723c751e8b465ee728b)  -> (artifact id: 'f06a92a11d8fc144031d4a21b0e196ee') in 0.005852 seconds 
  Import took 0.008798 seconds .

========================================================================
Received Import Request.
  Time since last request: 2.703235 seconds.
  path: Assets/Scripts/Object/Cards/CardsSpace.cs
  artifactKey: Guid(e4361e5ebaf8e444fa53301e3abee583) Importer(815301076,1909f56bfc062723c751e8b465ee728b)
Start importing Assets/Scripts/Object/Cards/CardsSpace.cs using Guid(e4361e5ebaf8e444fa53301e3abee583) Importer(815301076,1909f56bfc062723c751e8b465ee728b)  -> (artifact id: '747261d624f2a50efe60bae47f179ba5') in 0.005884 seconds 
  Import took 0.008889 seconds .

========================================================================
Received Import Request.
  Time since last request: 1.460898 seconds.
  path: Assets/Scripts/Object/Cards/CardSlots.cs
  artifactKey: Guid(fb28bfaaebdfdae468441d06469b085d) Importer(815301076,1909f56bfc062723c751e8b465ee728b)
Start importing Assets/Scripts/Object/Cards/CardSlots.cs using Guid(fb28bfaaebdfdae468441d06469b085d) Importer(815301076,1909f56bfc062723c751e8b465ee728b)  -> (artifact id: 'cd0e7516634096e67b1b8f7dd3bda20d') in 0.003063 seconds 
  Import took 0.006083 seconds .

========================================================================
Received Import Request.
  Time since last request: 0.001509 seconds.
  path: Assets/Scripts/Object/Cards/CardSlots.cs
  artifactKey: Guid(fb28bfaaebdfdae468441d06469b085d) Importer(815301076,1909f56bfc062723c751e8b465ee728b)
Start importing Assets/Scripts/Object/Cards/CardSlots.cs using Guid(fb28bfaaebdfdae468441d06469b085d) Importer(815301076,1909f56bfc062723c751e8b465ee728b)  -> (artifact id: 'cd0e7516634096e67b1b8f7dd3bda20d') in 0.002919 seconds 
  Import took 0.006313 seconds .

========================================================================
Received Import Request.
  Time since last request: 17.069514 seconds.
  path: Assets/Scripts/System/Rooms/StandardRoom.cs
  artifactKey: Guid(aa002caecff2f674c921aad4f68a1f0f) Importer(815301076,1909f56bfc062723c751e8b465ee728b)
Start importing Assets/Scripts/System/Rooms/StandardRoom.cs using Guid(aa002caecff2f674c921aad4f68a1f0f) Importer(815301076,1909f56bfc062723c751e8b465ee728b)  -> (artifact id: '033af5b1f891ea22781accd483a91774') in 0.003292 seconds 
  Import took 0.006154 seconds .

========================================================================
Received Import Request.
  Time since last request: 0.001229 seconds.
  path: Assets/Scripts/System/Rooms/StandardRoom.cs
  artifactKey: Guid(aa002caecff2f674c921aad4f68a1f0f) Importer(815301076,1909f56bfc062723c751e8b465ee728b)
Start importing Assets/Scripts/System/Rooms/StandardRoom.cs using Guid(aa002caecff2f674c921aad4f68a1f0f) Importer(815301076,1909f56bfc062723c751e8b465ee728b)  -> (artifact id: '033af5b1f891ea22781accd483a91774') in 0.002984 seconds 
  Import took 0.005900 seconds .

========================================================================
Received Import Request.
  Time since last request: 9.104693 seconds.
  path: Assets/Scripts/System/Rooms/EmptyRoom.cs
  artifactKey: Guid(de88d8fd74b35d2459a27e70f5195d30) Importer(815301076,1909f56bfc062723c751e8b465ee728b)
Start importing Assets/Scripts/System/Rooms/EmptyRoom.cs using Guid(de88d8fd74b35d2459a27e70f5195d30) Importer(815301076,1909f56bfc062723c751e8b465ee728b)  -> (artifact id: 'bbf841689aef22cc89130525da909eb6') in 0.002846 seconds 
  Import took 0.006476 seconds .

========================================================================
Received Import Request.
  Time since last request: 0.001626 seconds.
  path: Assets/Scripts/System/Rooms/EmptyRoom.cs
  artifactKey: Guid(de88d8fd74b35d2459a27e70f5195d30) Importer(815301076,1909f56bfc062723c751e8b465ee728b)
Start importing Assets/Scripts/System/Rooms/EmptyRoom.cs using Guid(de88d8fd74b35d2459a27e70f5195d30) Importer(815301076,1909f56bfc062723c751e8b465ee728b)  -> (artifact id: 'bbf841689aef22cc89130525da909eb6') in 0.003011 seconds 
  Import took 0.005976 seconds .

========================================================================
Received Import Request.
  Time since last request: 0.391118 seconds.
  path: Assets/Scripts/System/Rooms/DownStairsRoom.cs
  artifactKey: Guid(77dd1ec665140ec44ac544abe47e890f) Importer(815301076,1909f56bfc062723c751e8b465ee728b)
Start importing Assets/Scripts/System/Rooms/DownStairsRoom.cs using Guid(77dd1ec665140ec44ac544abe47e890f) Importer(815301076,1909f56bfc062723c751e8b465ee728b)  -> (artifact id: '76041119c031643a7672fc31f6a978c3') in 0.002682 seconds 
  Import took 0.005687 seconds .

========================================================================
Received Import Request.
  Time since last request: 0.001418 seconds.
  path: Assets/Scripts/System/Rooms/DownStairsRoom.cs
  artifactKey: Guid(77dd1ec665140ec44ac544abe47e890f) Importer(815301076,1909f56bfc062723c751e8b465ee728b)
Start importing Assets/Scripts/System/Rooms/DownStairsRoom.cs using Guid(77dd1ec665140ec44ac544abe47e890f) Importer(815301076,1909f56bfc062723c751e8b465ee728b)  -> (artifact id: '76041119c031643a7672fc31f6a978c3') in 0.002692 seconds 
  Import took 0.005627 seconds .

========================================================================
Received Import Request.
  Time since last request: 18.078958 seconds.
  path: Assets/Scripts/System/Camera.cs
  artifactKey: Guid(05df166094160b74885cc1224d19fb0e) Importer(815301076,1909f56bfc062723c751e8b465ee728b)
Start importing Assets/Scripts/System/Camera.cs using Guid(05df166094160b74885cc1224d19fb0e) Importer(815301076,1909f56bfc062723c751e8b465ee728b)  -> (artifact id: 'e53a3f8d338c24d5d75266b46738885a') in 0.003127 seconds 
  Import took 0.006053 seconds .

========================================================================
Received Import Request.
  Time since last request: 28.230096 seconds.
  path: Assets/Scripts/System/painters/EmptyRoomPainter.cs
  artifactKey: Guid(301a95095be924a4e8835d275e336246) Importer(815301076,1909f56bfc062723c751e8b465ee728b)
Start importing Assets/Scripts/System/painters/EmptyRoomPainter.cs using Guid(301a95095be924a4e8835d275e336246) Importer(815301076,1909f56bfc062723c751e8b465ee728b)  -> (artifact id: '0e03608f84d8dbdcb5f71b0b75f7512a') in 0.003262 seconds 
  Import took 0.006222 seconds .

========================================================================
Received Import Request.
  Time since last request: 0.001156 seconds.
  path: Assets/Scripts/System/painters/EmptyRoomPainter.cs
  artifactKey: Guid(301a95095be924a4e8835d275e336246) Importer(815301076,1909f56bfc062723c751e8b465ee728b)
Start importing Assets/Scripts/System/painters/EmptyRoomPainter.cs using Guid(301a95095be924a4e8835d275e336246) Importer(815301076,1909f56bfc062723c751e8b465ee728b)  -> (artifact id: '0e03608f84d8dbdcb5f71b0b75f7512a') in 0.002743 seconds 
  Import took 0.005770 seconds .

========================================================================
Received Import Request.
  Time since last request: 0.353224 seconds.
  path: Assets/Scripts/System/painters/Painter.cs
  artifactKey: Guid(1c226a7e6c2bb2b41984bec5c85fabf3) Importer(815301076,1909f56bfc062723c751e8b465ee728b)
Start importing Assets/Scripts/System/painters/Painter.cs using Guid(1c226a7e6c2bb2b41984bec5c85fabf3) Importer(815301076,1909f56bfc062723c751e8b465ee728b)  -> (artifact id: 'e887911a19a44f5756a249745b0e1ba6') in 0.002954 seconds 
  Import took 0.006083 seconds .

========================================================================
Received Import Request.
  Time since last request: 0.001172 seconds.
  path: Assets/Scripts/System/painters/Painter.cs
  artifactKey: Guid(1c226a7e6c2bb2b41984bec5c85fabf3) Importer(815301076,1909f56bfc062723c751e8b465ee728b)
Start importing Assets/Scripts/System/painters/Painter.cs using Guid(1c226a7e6c2bb2b41984bec5c85fabf3) Importer(815301076,1909f56bfc062723c751e8b465ee728b)  -> (artifact id: 'e887911a19a44f5756a249745b0e1ba6') in 0.003158 seconds 
  Import took 0.006134 seconds .

========================================================================
Received Import Request.
  Time since last request: 0.335807 seconds.
  path: Assets/Scripts/System/painters/UpStairRoomPainter.cs
  artifactKey: Guid(3d17e1a14da32d349b178553047bd70c) Importer(815301076,1909f56bfc062723c751e8b465ee728b)
Start importing Assets/Scripts/System/painters/UpStairRoomPainter.cs using Guid(3d17e1a14da32d349b178553047bd70c) Importer(815301076,1909f56bfc062723c751e8b465ee728b)  -> (artifact id: '9b9f87eb6431e527cc4ae761739b600c') in 0.002541 seconds 
  Import took 0.005458 seconds .

========================================================================
Received Import Request.
  Time since last request: 0.001816 seconds.
  path: Assets/Scripts/System/painters/UpStairRoomPainter.cs
  artifactKey: Guid(3d17e1a14da32d349b178553047bd70c) Importer(815301076,1909f56bfc062723c751e8b465ee728b)
Start importing Assets/Scripts/System/painters/UpStairRoomPainter.cs using Guid(3d17e1a14da32d349b178553047bd70c) Importer(815301076,1909f56bfc062723c751e8b465ee728b)  -> (artifact id: '9b9f87eb6431e527cc4ae761739b600c') in 0.002560 seconds 
  Import took 0.005471 seconds .

AssetImportWorkerClient::OnTransportError - code=2 error=End of file
